ps_partkey|value
308504|18662494.66
36085|17654921.14
458599|17076926.98
220600|16944886.24
169718|16921835.08
473811|16796410.84
14918|16429198.80
265084|16246049.31
201931|16116436.27
199874|15758080.44
277862|15362937.60
27223|15273175.20
423615|15259687.86
308114|15209831.28
4723|15154822.77
178038|15142314.43
519741|15082637.22
141475|15021461.22
36723|14982658.92
292654|14902023.19
181093|14885119.37
38932|14882958.51
579035|14876183.70
552193|14850494.75
101964|14745293.57
204567|14688416.87
26170|14679693.23
441641|14617458.58
512008|14471341.91
586888|14395966.60
85628|14389856.96
396227|14389341.68
249458|14371708.44
86305|14323061.97
469208|14322340.40
595186|14303530.24
355078|14233633.06
157240|14225313.61
323484|14218081.36
481817|14180606.76
176968|14073976.40
471173|14062545.59
338394|14050767.98
478049|14014410.90
29425|13971532.32
178439|13938904.49
598853|13885796.88
592507|13838848.97
182620|13838604.00
507822|13827209.91
223968|13825668.18
525287|13801579.06
239918|13729308.47
386349|13671507.80
286480|13657619.89
377058|13644836.60
267892|13642405.92
537724|13570638.78
274419|13528817.54
405006|13484650.74
118966|13474499.76
207438|13464169.17
351607|13459236.14
510031|13422055.31
363999|13410518.94
333415|13399278.47
92406|13287414.50
385200|13235966.18
261886|13235181.67
55107|13204100.83
483141|13202985.46
57163|13200352.27
595951|13136894.85
545945|13095410.87
472457|13091775.09
24421|13045742.20
28494|13044796.11
95588|13020821.28
580881|12995382.97
236487|12958271.58
338307|12951033.31
70024|12901784.98
483954|12898232.36
116912|12892053.66
68184|12889397.76
121325|12879599.64
9035|12863828.70
19129|12833611.76
333615|12805779.79
470124|12789757.35
180386|12755030.88
573404|12748737.22
48992|12729319.44
179795|12728469.68
414280|12701651.91
19978|12683252.80
534103|12668090.40
410157|12656116.34
187868|12647101.80
379723|12626107.00
584731|12597502.29
214980|12595635.24
437979|12591697.64
216443|12590611.80
548510|12587316.52
395222|12581779.05
576372|12580028.85
394896|12574109.58
513609|12547093.64
217660|12546891.02
133624|12510901.08
42633|12445083.55
585548|12421700.36
485392|12403890.50
193352|12384877.06
575944|12375101.68
4277|12363971.55
450129|12359055.40
424896|12331556.75
86429|12313380.66
133486|12305010.69
491872|12288285.83
72765|12243912.32
218437|12225581.62
17193|12210451.94
488851|12201071.91
176489|12192462.07
495413|12191142.72
525898|12177440.85
429008|12165286.65
286405|12131429.98
472072|12113908.97
508727|12099362.04
561618|12084179.48
369644|12072494.40
276268|12060819.22
172017|12059971.90
246790|12033073.73
181628|12022002.38
598833|12020672.03
334481|12012616.72
48110|12012539.42
68987|12009906.86
306955|12005252.03
52935|11998068.90
203795|11967627.00
126040|11960735.69
53931|11943232.46
75558|11922184.88
115311|11907184.32
54987|11867765.99
10591|11863737.58
475852|11858937.68
1966|11840529.15
415608|11836804.77
441299|11816649.42
441897|11800739.34
239681|11792114.87
17052|11777756.73
50566|11761510.57
475727|11758435.11
313074|11746917.67
108108|11740472.20
441087|11724101.51
352700|11720347.43
173894|11714432.76
176908|11696261.44
463736|11690265.86
317523|11651416.96
320999|11646365.44
170818|11645604.77
305679|11643749.47
528707|11622795.70
38823|11619558.40
390243|11618571.91
52907|11605660.38
554938|11604592.68
268080|11600737.74
77800|11598799.75
391051|11597295.72
510408|11572225.36
129306|11532547.12
17993|11519296.15
554401|11516002.37
312201|11499070.88
111253|11482896.81
418509|11476814.20
364210|11465772.17
529288|11462297.85
65686|11455067.76
580913|11445097.50
385899|11430000.48
200124|11427580.20
22181|11425946.38
246134|11423753.64
462696|11402207.25
576049|11395106.76
406409|11373891.43
408660|11367892.71
419186|11361944.82
136318|11351893.30
567197|11338328.60
30179|11326759.90
26691|11322354.40
557752|11309982.23
86502|11296661.64
407793|11287380.69
288073|11287156.29
240628|11279480.40
227703|11267804.85
214155|11265713.22
561190|11258341.94
18670|11257471.23
70489|11242829.12
535590|11239533.67
313189|11238213.63
257260|11235119.46
526961|11226543.37
478039|11215707.58
434887|11213569.06
94821|11201413.67
222079|11193451.74
429086|11182242.21
118813|11156984.78
535490|11133738.63
440247|11132295.93
195356|11128485.30
448688|11121567.94
264395|11119132.38
114590|11115951.76
453962|11103660.35
22438|11097691.00
214594|11085832.24
19723|11080521.72
136861|11074161.43
292744|11064788.21
221285|11037586.89
265311|11030423.97
330536|11018847.48
458643|11013992.34
321150|10997362.57
43471|10986852.08
469161|10956557.59
549306|10942890.74
279784|10930276.34
396446|10928982.10
382003|10913351.28
232672|10899480.10
479875|10892445.58
449114|10890184.80
359717|10890077.43
120162|10885049.08
18534|10883521.16
2351|10868157.94
376271|10863826.02
135317|10861710.22
478439|10861396.58
45406|10859861.82
403762|10852259.27
333747|10847610.96
215942|10840918.50
296544|10833070.21
597166|10822173.60
161619|10820826.22
597703|10809508.94
166409|10803703.92
464328|10793710.62
515755|10788679.30
373096|10786911.34
185032|10776669.75
562015|10772829.15
280931|10764800.37
270147|10764789.49
170934|10750019.58
59070|10748557.44
115362|10740481.50
592375|10739500.60
108432|10727113.84
251282|10723723.64
376966|10719734.48
274487|10712990.30
589146|10712909.68
307522|10703458.35
315456|10697113.68
386450|10686016.07
499675|10685285.28
288231|10683115.82
26298|10676371.60
597452|10665018.68
323304|10650288.09
314774|10647834.22
7136|10641595.08
243243|10639123.44
41996|10637431.54
322972|10631278.92
143822|10621712.69
270213|10618710.17
579242|10600210.82
448506|10572916.10
464044|10569176.96
470106|10568656.10
325611|10563349.13
235867|10561112.64
171212|10557417.12
170118|10548669.86
22757|10547905.50
393686|10545200.39
254569|10544119.11
51484|10535296.97
133080|10524292.60
32530|10523527.76
51924|10517917.77
404055|10516623.42
152671|10509132.88
403871|10493377.46
428830|10480976.61
492908|10480674.24
410926|10477379.76
305564|10469006.33
555634|10442674.60
300628|10439689.49
55494|10435183.56
313965|10434678.98
517838|10429219.78
93806|10418255.83
62988|10418020.54
225197|10416344.36
547722|10408362.96
5994|10406850.15
561396|10388153.09
533671|10375701.68
120325|10369729.32
474614|10365829.08
73602|10351346.31
538921|10335533.76
100142|10321531.47
418865|10320967.56
70129|10314719.40
271462|10298643.96
582512|10296742.11
34767|10290405.18
559129|10289899.30
112886|10285069.22
261847|10282672.53
553939|10270753.00
88588|10264283.70
460822|10259380.95
548378|10254149.49
62084|10248352.10
459373|10244432.05
451858|10241563.84
124000|10239206.88
429458|10238099.37
278900|10230996.56
150932|10230663.98
88676|10229877.11
131504|10227731.50
468434|10210728.49
319424|10205057.19
333342|10192325.99
19401|10183007.37
513107|10179798.67
399831|10176241.11
322408|10169705.08
91739|10166318.01
125555|10162414.92
176629|10158136.18
59211|10153529.46
164905|10152013.30
541855|10151264.82
113429|10149500.33
282580|10146659.46
109268|10139342.10
328948|10138653.08
393121|10134791.14
178606|10131190.38
597029|10125268.21
412718|10124922.64
441322|10124664.23
336040|10124414.24
366889|10123004.41
47993|10117264.13
143989|10094018.52
513994|10087149.59
291475|10068489.20
91657|10068296.33
576588|10065964.00
284938|10063815.04
386424|10060756.69
107344|10054667.20
595616|10034700.39
282599|10033086.91
353597|10032328.38
309989|10031678.20
588208|10024359.41
226900|10021160.60
43029|10020013.38
95241|10019537.13
47466|10009058.28
105926|10002854.88
14938|9997419.80
138986|9997005.30
12223|9993678.47
501457|9992878.82
585047|9986046.33
216176|9978673.32
395442|9968131.36
256172|9967671.64
452474|9965878.80
421461|9964225.48
304566|9962505.95
580456|9960879.20
208757|9958212.84
279761|9957439.44
133174|9955814.45
214747|9949652.44
300332|9943925.55
214137|9943780.68
163494|9943277.59
409939|9940268.29
183936|9940027.12
59894|9932613.40
298080|9931974.08
252223|9926757.84
560270|9926396.57
379396|9913655.76
23934|9908570.55
307418|9906983.64
48960|9897945.04
406594|9895709.25
568903|9895493.68
596167|9893618.62
311787|9891369.20
42869|9888220.06
268948|9881239.92
532630|9881108.50
85028|9875745.15
259715|9871208.53
454473|9870381.97
301761|9859991.00
427689|9859965.80
82301|9859682.31
274896|9844492.12
204326|9836747.63
171607|9833884.32
375377|9832490.12
154198|9831001.52
488844|9827874.85
176736|9827823.18
514357|9826284.90
367691|9823584.80
452301|9821219.95
238437|9818480.00
9039|9816447.72
326355|9815478.16
566418|9809625.80
587600|9808491.12
240707|9805649.20
340877|9799995.44
451566|9796237.98
221978|9795428.09
470108|9793186.81
536260|9789325.04
67562|9787899.12
142904|9786407.07
130830|9786068.32
167396|9782556.71
261017|9781522.13
538705|9779530.67
362438|9778944.08
503379|9774770.76
266222|9772222.77
382074|9772095.50
153529|9770533.92
340087|9767479.44
222320|9766579.68
36870|9765135.98
286602|9758954.19
48735|9758007.00
70639|9757598.69
330171|9756402.70
305974|9751595.34
392319|9748687.34
508892|9746792.10
543569|9744638.24
66746|9743528.76
121326|9743189.27
289497|9742039.16
156669|9740301.02
97877|9740180.60
77526|9736916.89
270540|9736493.50
23989|9734098.47
424100|9732372.84
15945|9731096.45
143914|9730898.32
285674|9730441.28
112412|9729538.52
55899|9728430.67
12367|9721261.07
422612|9715565.58
435997|9715017.54
96115|9709590.46
108701|9709370.52
507460|9705419.60
491379|9703904.82
583097|9703897.28
462569|9697045.86
39282|9696645.00
163150|9695101.20
374401|9689892.86
78741|9682463.90
212306|9679509.00
392180|9676626.71
138895|9675057.00
191771|9672080.40
83532|9671028.21
464398|9670711.52
536805|9668051.49
485501|9666590.92
209794|9661232.70
147466|9661215.85
396531|9660032.90
80584|9651520.84
585044|9645499.05
454357|9645390.12
273125|9642799.86
221373|9640493.63
371738|9640197.00
352582|9640095.04
91193|9638978.40
156793|9638300.96
61435|9637771.42
580452|9637620.48
295490|9637032.30
266411|9636404.66
13606|9627990.76
463255|9625939.84
413019|9623545.24
87534|9622991.48
43449|9619258.72
107008|9617920.08
596284|9616224.58
155257|9615933.44
584610|9615891.89
417197|9614853.64
197239|9614215.16
590090|9612560.56
538062|9609017.26
1011|9608892.80
208015|9607101.82
417424|9605043.99
322701|9604524.81
463582|9601042.86
285195|9596167.80
195224|9594803.80
466765|9592959.13
110591|9592538.32
184679|9590824.31
473837|9587422.85
290662|9587143.47
137344|9586480.39
225639|9583302.33
172420|9579948.96
17995|9579168.25
534632|9576943.47
433185|9574466.70
484035|9572946.84
77604|9568621.41
213619|9568037.73
437682|9564753.53
469190|9560644.96
594661|9558946.44
159215|9557678.40
163172|9551859.89
540586|9551655.48
258357|9549043.67
266867|9546615.75
174577|9545483.72
454739|9542505.72
439938|9542386.42
471599|9538054.68
152456|9536566.45
287213|9534183.48
516770|9531937.74
213739|9528066.19
4372|9527433.93
127644|9526492.50
501236|9523540.80
29368|9521811.00
232719|9521077.65
536990|9520656.15
66182|9520498.38
234575|9519909.96
37003|9517859.34
89291|9516461.16
594420|9514033.88
45179|9510588.43
418515|9510237.00
496460|9510054.62
407154|9508163.28
362612|9502647.84
159155|9500944.88
106663|9500301.80
564931|9499483.56
350114|9499140.80
22609|9498878.75
231709|9498809.72
506099|9495936.80
394652|9494541.78
385611|9494364.30
45045|9494307.36
291097|9493824.84
114415|9492668.23
488598|9490449.02
531814|9489886.91
358358|9489795.66
440587|9489386.88
211117|9487561.80
194895|9486896.94
568494|9486577.58
399586|9486057.13
430478|9483163.49
350983|9481499.54
2682|9480751.50
81264|9480318.86
160306|9478280.70
184984|9477222.04
418830|9471473.78
469856|9467823.04
536470|9467755.19
295475|9466834.79
4357|9464355.64
223077|9462220.99
307513|9461244.69
73069|9460150.25
4563|9458910.62
206246|9457751.81
299304|9453887.12
78492|9450140.48
160826|9446754.84
155222|9446402.36
561275|9438863.28
437401|9438646.66
111765|9437769.10
91289|9437472.00
532405|9436317.91
510118|9435821.28
523683|9435256.89
56723|9435102.16
397756|9433876.64
306418|9433803.24
411668|9432360.75
283449|9432348.96
251590|9431714.08
365570|9431356.84
190481|9430519.41
78961|9430401.05
406982|9428686.84
344763|9427552.08
386679|9427127.14
168173|9426726.56
570932|9424828.45
6243|9423304.66
375412|9421930.00
390755|9421912.43
191272|9420844.10
495926|9420293.52
391295|9419659.86
451739|9418827.40
311977|9411826.19
523972|9411055.64
583624|9408785.66
578040|9405970.65
321248|9405695.04
511552|9404946.60
284313|9404748.30
322438|9403934.28
60884|9403442.40
427377|9399708.51
544995|9396491.06
418918|9394004.55
246469|9393876.60
559400|9393799.80
344952|9393404.02
363112|9393182.47
219206|9390929.82
74273|9388379.19
1071|9388264.40
444007|9387786.46
486114|9386087.00
93243|9381786.69
155021|9381396.18
373059|9381340.98
378442|9380190.27
420032|9379852.60
374887|9379178.21
460442|9377882.92
368790|9377164.24
409457|9374940.68
109262|9373320.32
88726|9369102.96
78434|9368923.85
512306|9365316.61
319163|9365000.82
143092|9364934.53
486921|9363895.20
558627|9363508.50
187238|9362768.33
217690|9361546.38
305588|9360141.54
148536|9356572.30
5175|9354056.72
143581|9353059.20
202924|9352701.48
194056|9352381.73
186919|9348893.04
494008|9344695.53
381294|9340394.40
344504|9337070.23
362475|9336685.60
266991|9336557.25
373806|9335659.56
196543|9334086.51
489286|9332758.00
466077|9332648.52
150383|9332576.75
16358|9331500.92
122698|9330814.76
250780|9328839.26
332143|9328230.36
114027|9327539.57
432223|9326411.40
372360|9326105.25
214084|9325217.02
516244|9321387.92
568705|9320479.98
331088|9320294.20
330034|9319287.60
471251|9318334.80
492079|9314840.60
359895|9314717.00
223074|9314541.27
222308|9313545.00
221052|9313131.52
335952|9311505.90
438992|9310183.47
244403|9307969.14
141833|9307702.84
423679|9306586.80
188728|9306162.60
81524|9303166.08
420646|9302589.62
19092|9301380.49
301873|9300890.34
165033|9300647.49
118153|9298606.56
216545|9298556.06
434932|9297232.14
105203|9294180.84
383805|9293697.00
525001|9293086.20
284350|9293059.18
513438|9291469.95
296941|9286741.30
592849|9286483.38
535422|9286156.80
17979|9284648.49
531626|9284394.94
538574|9282680.11
449084|9282068.80
411760|9281035.60
503592|9280998.75
306587|9280648.43
598714|9277516.60
236962|9276519.20
2956|9275344.52
456091|9274601.70
105989|9274534.10
559580|9272070.38
279796|9271518.76
567400|9270674.91
23307|9269386.72
192714|9268366.36
442380|9266172.74
219732|9264344.42
403471|9264194.68
381193|9263605.38
390619|9262553.96
459173|9262511.70
166598|9261975.75
106487|9261903.47
85302|9261855.13
517110|9261324.45
329163|9259561.72
29068|9256583.88
309547|9256450.02
168486|9254545.02
152229|9254407.23
424188|9254345.98
99159|9252696.32
266880|9251787.25
425872|9249053.79
456856|9248358.32
322525|9243915.45
242450|9242615.65
489856|9241219.46
519898|9241158.30
40168|9240525.82
77213|9240350.40
575128|9236792.71
186118|9236209.12
324269|9234268.42
354284|9234002.53
131203|9233038.71
164636|9231989.92
376411|9231038.10
377099|9229738.34
555016|9225999.62
205308|9220678.28
590906|9220219.16
279382|9217890.20
211626|9217760.90
506853|9217357.68
386865|9217000.80
49033|9215045.35
430306|9215018.01
345224|9214446.90
561811|9212862.24
494904|9212178.60
33257|9208416.32
410939|9208398.75
61372|9205228.76
372735|9203649.93
568108|9203047.20
326997|9202353.84
318351|9202215.36
433213|9202076.15
509918|9201909.80
474047|9201885.92
28504|9201669.20
479341|9200657.05
570310|9199807.52
358927|9199444.32
193148|9196729.92
480325|9196006.05
350168|9195646.46
231848|9194848.00
479657|9194712.26
446230|9193425.08
292880|9193164.39
230425|9192921.30
254188|9192181.68
553843|9191529.70
267276|9191315.16
27191|9189271.65
142749|9188813.21
262847|9187060.44
306588|9184742.40
502148|9181801.44
347979|9181628.56
41906|9179601.44
586229|9179398.80
203036|9178703.54
324342|9178049.16
425964|9174480.57
454371|9172603.68
123436|9172500.33
410037|9172180.74
395891|9171982.12
185136|9171293.04
120057|9171000.59
549586|9170412.41
278095|9169724.95
502634|9168808.31
381924|9168806.12
165151|9168489.90
366359|9167300.82
466741|9165895.31
588092|9165683.77
538111|9165561.24
505125|9164554.36
553015|9161994.24
502015|9161408.06
531379|9158951.43
56775|9158897.87
317211|9158050.54
321438|9158020.73
555083|9157137.87
185190|9156364.80
202613|9154753.30
511856|9154171.80
301034|9154092.71
240680|9153920.16
589982|9153645.60
126673|9153577.84
474092|9153354.20
305939|9152774.66
283256|9151871.26
376942|9151696.89
317780|9151650.76
210165|9149883.96
118738|9149108.70
307946|9148908.30
475743|9148450.50
40728|9148280.96
597270|9147733.51
451084|9147533.22
472889|9146391.00
30755|9146196.84
367883|9141644.14
593807|9140988.54
231523|9139409.10
319302|9138918.16
103987|9138672.90
473677|9138338.44
171933|9137755.00
409537|9137740.50
326624|9137526.19
362957|9137016.27
538439|9136795.68
473483|9136476.68
404322|9135992.36
223870|9135233.14
124881|9135224.44
403413|9133627.71
583775|9132997.71
185409|9131603.32
79727|9131387.98
272853|9128676.79
244507|9127986.76
582272|9126434.61
141778|9124789.24
130042|9123595.39
409694|9123585.15
158148|9122338.80
155574|9120909.77
470944|9120827.45
58985|9120542.16
348615|9117096.42
142215|9116876.88
33354|9116701.65
599227|9115586.37
112672|9113794.48
341403|9112729.40
133465|9112325.00
345189|9111822.03
401876|9109341.00
319254|9109277.76
113318|9108338.76
288091|9107858.70
437447|9106421.35
193725|9104832.80
583404|9103992.45
532180|9101757.48
372338|9101082.34
449857|9100937.16
408972|9099633.52
514677|9099546.97
408916|9098405.03
75064|9098257.76
465181|9097707.52
303730|9096256.74
193463|9094836.80
307579|9091539.14
498434|9090488.09
487488|9090047.64
427183|9088624.86
385140|9087919.00
277726|9087641.93
395298|9087359.86
188140|9086367.57
522429|9084323.40
285649|9080718.23
44230|9079665.08
100310|9078171.62
569036|9076896.40
218841|9076144.00
66820|9076065.92
515047|9074095.50
3851|9072657.24
88490|9072380.26
466028|9072322.56
386655|9070994.94
227285|9070959.03
181271|9070631.52
528948|9069504.57
21306|9068381.13
100885|9066859.76
212949|9064978.08
133977|9063735.96
281159|9063032.38
462955|9062304.75
385108|9061930.35
182182|9061855.72
255795|9060572.01
573765|9059706.95
513549|9059411.25
164440|9058850.77
208605|9058462.35
58187|9057144.32
304336|9053302.98
335446|9052159.98
319651|9049260.84
72824|9048756.60
127412|9047263.68
441193|9046862.00
299723|9046306.80
498986|9045938.40
242948|9045632.70
259168|9045276.46
448230|9044844.80
354578|9043659.00
114784|9042522.72
142532|9041248.10
429989|9041232.33
8823|9040855.10
227588|9040531.50
556045|9040153.84
314569|9039522.75
223683|9038708.66
347539|9038673.52
46652|9034659.66
560642|9033723.80
207211|9032573.39
333561|9031256.70
532730|9030698.30
414453|9028463.70
538364|9028398.72
363615|9026718.75
188063|9024779.10
275090|9024741.24
369715|9023612.44
153454|9023191.32
456042|9022742.54
75089|9021820.22
19605|9021180.80
226450|9020268.24
339089|9019971.88
278213|9019081.68
56214|9018909.90
3357|9018786.78
268745|9017780.00
575664|9016508.76
295493|9016041.20
95942|9015585.12
454686|9014866.56
493737|9013675.20
260939|9013410.56
393675|9012161.03
514884|9011424.00
335967|9011147.69
547849|9011117.70
93328|9007211.20
190164|9007029.76
461070|9006862.86
125890|9006366.60
406269|9000896.87
84035|9000249.12
403780|9000045.75
224510|8999404.35
585604|8999292.12
193971|8997556.40
416129|8996493.48
74790|8996385.34
188792|8996014.00
328494|8993292.08
49418|8993041.35
390032|8992132.05
95752|8990139.73
183566|8990036.50
454418|8989635.90
268833|8989629.00
9552|8987910.20
527942|8984192.70
178717|8983426.43
87229|8982790.52
424325|8982350.52
111141|8982165.36
399989|8981741.16
198622|8981178.96
72421|8980603.00
11773|8979568.88
110939|8977229.10
4191|8975610.56
372165|8975122.76
336391|8974833.17
449599|8973854.60
208914|8973336.92
342741|8970215.70
550093|8969185.50
323374|8968941.84
227656|8968929.48
182299|8968113.97
356589|8968111.72
106671|8967897.12
14293|8967661.92
364419|8967658.95
287462|8967116.56
534955|8966971.26
29636|8966791.09
567237|8966029.76
493968|8964512.00
258792|8964218.76
296921|8964177.36
21843|8964145.45
9466|8961450.67
155017|8961067.01
554322|8959567.66
376048|8958378.25
433738|8958028.04
57316|8956287.76
543791|8954264.55
463864|8953712.64
148658|8953631.12
313013|8952482.43
243730|8952276.90
336065|8951478.45
554578|8949741.84
484128|8948818.16
157679|8948503.69
526414|8948412.00
408803|8947601.22
223712|8946909.36
576859|8946185.95
49720|8945903.87
151014|8945680.80
17611|8945315.52
367745|8943110.24
124234|8939839.66
163157|8936012.44
446844|8935947.27
9403|8933767.74
3141|8933695.87
441955|8931118.56
512297|8931091.06
469677|8931056.40
568588|8930773.35
148095|8929984.85
471097|8929633.86
265930|8928565.92
558070|8927725.98
536850|8927542.13
352875|8927426.88
491472|8927299.20
244113|8926578.00
245306|8926496.00
269914|8926009.77
553714|8925778.80
235737|8924000.40
468408|8923129.29
87197|8922726.72
349262|8921062.54
509565|8920681.20
588442|8919694.66
243250|8918955.76
571357|8917556.49
598974|8917449.54
139739|8916780.81
412097|8915371.14
430182|8912229.62
118914|8911387.68
101161|8911329.21
424220|8911083.20
37751|8910670.52
140312|8908872.90
299114|8907782.19
369730|8907443.76
361347|8907139.20
113094|8906491.26
91631|8905071.12
225317|8905018.98
519131|8904528.01
148839|8903791.80
493534|8903772.45
77288|8903670.00
313344|8903497.11
368502|8901314.10
23980|8900499.12
202514|8900222.76
219960|8899823.40
50473|8898718.02
559286|8898566.40
267846|8898539.52
561607|8897117.80
328741|8895129.76
103287|8893594.85
300237|8892665.00
72219|8891973.24
277909|8891896.88
16322|8891705.72
44058|8891249.64
462240|8891151.57
410972|8890498.10
306939|8890205.94
143931|8890158.50
424357|8889807.96
490178|8889431.04
121562|8887740.40
419610|8884621.55
288847|8884389.04
101477|8883303.36
44731|8882444.95
93141|8881850.88
436879|8881734.40
352670|8881361.33
467099|8880623.54
299091|8878427.52
324783|8875758.94
356623|8875389.58
180048|8874630.00
521642|8870791.41
417254|8869891.23
1489|8868737.01
296746|8867311.90
423254|8866608.40
207460|8865398.14
181159|8864459.51
236880|8863043.02
53112|8862876.98
27177|8861903.82
414560|8860025.58
55487|8859911.84
527001|8859738.71
317326|8859468.91
303595|8858802.74
256063|8858143.80
575885|8856249.30
232229|8855712.27
543223|8855672.00
136745|8854065.18
268247|8853651.25
138091|8852463.34
191504|8852190.54
456880|8851968.00
82130|8850984.24
363122|8850345.28
88274|8849726.90
252689|8849156.28
342041|8847442.64
544387|8847023.04
281477|8846713.52
370609|8844637.00
540211|8843773.32
415815|8841714.00
446773|8841435.56
594152|8840948.94
236034|8840886.56
273370|8840171.34
78094|8839938.29
36489|8838538.10
149242|8836721.96
535540|8836710.00
294254|8836653.00
380762|8836341.15
534284|8832983.28
461996|8831101.00
581284|8830140.84
583917|8829822.00
93920|8829270.87
373816|8829017.10
216079|8828430.65
426669|8825841.70
569005|8825560.92
256720|8825297.08
103581|8824793.08
244982|8823329.97
408533|8821721.32
594269|8819802.53
65421|8819329.24
438583|8818974.24
29072|8818280.46
280632|8817264.51
161624|8817058.08
355640|8816484.20
122729|8816334.84
152464|8814533.82
530273|8814224.40
103463|8814181.68
172|8813849.35
441174|8812866.24
351568|8812431.96
403071|8811497.46
597542|8811137.20
190299|8811065.92
397008|8809998.00
61884|8809779.50
223792|8809107.34
286894|8808637.66
26592|8806820.34
307400|8806046.70
572300|8806009.77
139785|8804860.00
167882|8804315.55
127645|8803602.08
523381|8802654.98
584209|8802363.69
157705|8802278.28
487243|8802187.50
151038|8800215.80
122231|8798840.75
112197|8798153.41
368437|8797804.47
85840|8797184.78
279879|8796734.18
426372|8796232.25
120081|8796204.76
537270|8795864.22
527039|8795460.80
598249|8795036.16
235432|8794965.05
117195|8794870.52
435502|8794384.11
20588|8794027.80
72187|8793884.40
265271|8793267.27
569008|8793039.20
492651|8791787.55
19601|8791341.02
110332|8791087.34
395556|8790433.50
366544|8790067.20
421952|8789673.96
32779|8789235.71
91359|8788986.40
567191|8785430.40
353914|8785051.50
188589|8782964.16
69914|8782807.20
55588|8782416.87
522129|8782330.76
386131|8779918.56
235270|8779423.77
295819|8778195.90
419478|8777714.22
98540|8777239.90
98152|8776714.59
320108|8775698.19
267369|8775379.76
103937|8775259.65
167478|8773505.00
582579|8772752.46
586204|8771337.77
266772|8771308.95
287761|8768701.00
264134|8768559.57
120408|8768011.12
218642|8766509.92
383837|8766333.52
200092|8765922.80
567320|8763997.58
362000|8763026.00
404298|8762354.64
348225|8762102.91
63145|8761991.96
268746|8761573.17
277154|8761545.32
585674|8759445.86
380247|8759120.42
256897|8758865.92
375124|8758495.43
531189|8758164.00
461839|8757716.40
388676|8756463.96
188104|8756202.00
588440|8755903.95
503883|8755849.75
60670|8755215.04
376888|8754955.96
260665|8754774.15
500148|8754751.13
330329|8754194.97
317623|8753999.85
107798|8753273.36
386277|8751704.00
354216|8750845.80
358522|8750525.04
232861|8750057.70
575060|8749994.44
38792|8748565.14
534146|8746788.15
473158|8745232.71
325276|8743648.00
526507|8743297.20
376757|8743076.10
87270|8742341.44
74188|8741651.94
563797|8740845.32
297323|8740710.42
501106|8740384.00
372477|8739802.35
230533|8739756.75
279956|8739137.05
344691|8737665.93
8581|8736580.38
110936|8736534.34
555156|8736418.24
486807|8734460.23
160717|8733064.96
369379|8731823.72
7757|8731337.87
25282|8731159.36
477252|8730885.99
526092|8728451.22
5134|8728424.64
320039|8727684.70
234578|8726236.69
488691|8725130.04
568136|8725061.72
252910|8724888.24
285502|8723929.44
253924|8723273.64
312237|8723209.59
545943|8722014.84
7827|8721938.60
596292|8720032.60
521184|8719728.58
499370|8719419.60
153141|8719407.51
193798|8719056.90
180915|8718682.40
108792|8717959.50
392711|8717634.14
156822|8715456.86
593433|8714709.90
118641|8714676.60
183996|8714080.97
253757|8712639.76
181804|8712257.76
383483|8711794.86
51569|8710836.17
441645|8710264.68
276168|8709082.96
247132|8708905.34
97499|8708733.99
294119|8708565.12
90485|8708041.05
67930|8707894.20
361435|8707546.38
368571|8707528.71
59803|8707512.69
153999|8705885.12
293962|8705069.10
83933|8705030.06
22420|8703903.34
452626|8703354.38
56005|8703150.66
571072|8702572.56
353447|8702100.68
466277|8701992.40
272142|8697805.09
581717|8696368.80
349534|8696003.82
135674|8695067.00
408553|8694961.75
152044|8693220.60
436491|8693156.64
313585|8692175.99
3655|8691248.68
20999|8690343.20
460576|8690300.91
581882|8690126.37
317916|8689995.14
547484|8689960.23
446093|8689106.58
516566|8689069.27
210755|8688567.42
37670|8687985.31
8514|8687624.05
131014|8686773.49
360616|8686205.66
457660|8686184.00
54550|8685937.50
322447|8684980.92
60536|8684818.56
186518|8684040.72
333827|8682849.36
561114|8681339.05
588992|8680540.50
41855|8680538.10
433689|8679879.00
576105|8679797.98
143149|8679788.08
277317|8679748.95
388454|8679367.95
540919|8679338.64
101238|8679110.05
128581|8678402.74
445631|8678015.60
125978|8677675.29
482491|8676886.05
232612|8676033.91
133026|8674820.00
398100|8674281.21
389565|8673564.35
496555|8673383.60
51572|8671477.97
468803|8669964.16
435033|8667810.80
325|8667741.28
272223|8667724.85
459451|8667187.38
490250|8667165.00
418439|8667134.54
193480|8666215.92
390387|8665761.84
384787|8664089.20
12098|8663656.56
524068|8662579.38
520314|8662433.16
297562|8661937.96
90141|8661711.56
434749|8661664.92
135375|8660438.85
126843|8659054.50
122949|8658846.23
481794|8658799.22
506840|8658582.94
498573|8658562.76
450796|8658499.92
82631|8658331.85
502310|8658091.59
402696|8657686.30
510516|8656851.42
533433|8656733.94
77793|8655742.50
101592|8655390.72
271508|8654803.04
52159|8653850.40
6313|8653601.37
484332|8652859.60
453218|8652345.95
46085|8649359.46
513115|8647715.08
462359|8646849.00
348593|8646744.49
554929|8646052.50
78649|8644573.70
104541|8643844.04
116880|8643633.90
33141|8643243.18
592380|8642595.17
294767|8642529.20
138112|8642221.97
370634|8641936.45
529723|8641740.89
270984|8640963.52
135300|8640445.66
224794|8639747.50
351883|8638976.88
176723|8638788.90
287422|8638487.96
192102|8638102.72
468489|8637826.75
122939|8636378.00
191814|8635959.00
232015|8633794.08
280014|8633557.17
52804|8632109.25
155989|8631436.94
239410|8631084.72
179544|8630121.63
272180|8629965.14
41771|8629678.05
93744|8629591.12
261367|8629125.89
189552|8628681.16
48357|8628380.67
560124|8628112.04
525635|8627685.60
332607|8627316.08
107808|8627207.22
304220|8626812.40
111237|8625654.77
417050|8625147.56
581948|8624968.59
69397|8624418.06
421494|8623582.84
149165|8623122.30
517246|8622614.28
577604|8622249.28
433046|8621585.28
225217|8621482.74
466941|8621207.40
94399|8620524.00
158817|8618991.72
435032|8618892.24
268462|8618735.66
562672|8618394.63
444054|8617414.95
151295|8616671.02
84972|8616657.44
522401|8616363.20
528986|8616138.79
503511|8615748.70
540598|8615625.48
502929|8615493.92
121322|8612948.23
368699|8611538.32
345001|8611384.32
490625|8611242.12
238669|8609259.87
197976|8608017.44
164697|8607913.65
409999|8607448.08
391328|8607294.14
128715|8606833.62
567903|8606511.92
414226|8605986.88
461246|8603639.44
482852|8602624.73
410690|8602068.00
180362|8601367.05
345033|8599769.94
514999|8598901.32
361909|8597061.20
157561|8596231.91
5596|8596151.68
285163|8595894.42
288805|8595468.00
214542|8595309.63
171216|8594325.74
37437|8593660.66
414770|8593170.17
284467|8593059.44
19503|8592161.20
13587|8589289.74
238778|8588420.40
417929|8586840.96
534614|8586560.25
254274|8585767.12
507014|8585714.48
147377|8584987.83
471664|8584970.03
176969|8584640.96
4754|8583428.28
544996|8582996.80
416761|8582386.18
282581|8582282.78
346478|8582047.11
491117|8581924.06
166389|8581748.44
226093|8581519.35
467948|8580662.90
425161|8580240.60
547922|8580104.68
7310|8579949.50
207663|8579683.63
120933|8578761.84
153623|8578617.60
584072|8578518.55
140607|8577951.84
78751|8576037.60
407026|8574674.16
383595|8573711.54
570116|8573682.76
511718|8573491.73
553935|8573397.12
21925|8572742.64
487049|8571605.84
157734|8570808.50
120860|8570610.44
69114|8569561.71
283445|8568784.23
39719|8568515.51
562629|8568290.85
66692|8567540.52
550558|8565567.65
433774|8565132.72
331131|8564951.07
17957|8564920.88
435540|8564729.28
536235|8564524.95
145484|8563629.92
69361|8563524.12
33139|8563002.66
585046|8562537.06
120368|8562239.12
579893|8561840.54
509078|8561211.68
324709|8559964.00
223192|8559789.84
144269|8558928.88
486877|8558706.27
334829|8558428.68
323158|8554736.89
31108|8553933.89
484419|8553301.14
167751|8552866.60
93343|8552301.12
72590|8551077.51
248574|8550924.16
434086|8549250.30
119688|8549154.50
159224|8548799.35
339545|8547807.44
446219|8547338.42
572276|8546919.50
379608|8545412.82
196409|8543968.51
192478|8543471.42
460240|8542511.90
527608|8541435.20
358662|8540678.77
599354|8540203.60
370629|8539359.12
459126|8539316.73
85180|8537452.01
147338|8536571.56
368283|8535240.46
27267|8534142.24
197466|8533609.70
42548|8532685.06
485891|8532680.00
124158|8531685.96
199592|8531317.80
174345|8530807.41
92292|8530618.78
263548|8529542.25
215028|8528835.26
253015|8527651.77
83151|8526607.20
483491|8524990.10
69681|8524127.46
539179|8523591.84
341824|8523005.00
550174|8522454.50
129039|8521739.41
96313|8520949.92
395504|8520787.35
144167|8520296.55
303799|8518767.88
145664|8517038.31
405980|8516424.00
569265|8516413.64
167169|8516075.68
589978|8515692.40
85490|8515513.60
175356|8515228.15
28096|8515064.25
558711|8514704.84
547223|8514313.68
597617|8513780.04
80183|8511633.60
450755|8511306.14
439191|8510729.15
245311|8509889.56
65756|8509449.53
551308|8507503.17
598301|8506777.72
205623|8506389.78
257979|8506263.15
140937|8505142.20
133482|8504881.20
560542|8504610.66
26676|8503845.27
72101|8502196.59
274980|8501889.97
343972|8499263.31
456160|8494992.73
384903|8494500.00
576803|8494386.89
484020|8493711.38
76286|8493086.56
324133|8492904.00
592475|8490578.60
113926|8489889.15
550456|8489544.66
193747|8489316.49
335562|8489214.37
435290|8487419.80
344637|8487184.60
204775|8486997.36
509417|8485918.08
590288|8485790.61
193478|8485017.40
266484|8484753.36
26238|8484354.27
206985|8484154.88
302864|8483840.96
509688|8482670.61
18626|8482494.11
297474|8481683.70
28183|8480998.80
328211|8480780.88
172674|8480318.45
6009|8479918.08
392318|8479815.84
553878|8479550.64
408440|8479095.84
117599|8478810.80
40748|8476974.91
349889|8476338.14
385087|8476307.84
359126|8476273.39
347645|8475500.88
518437|8475237.87
412804|8475045.75
188604|8474075.68
373250|8473770.48
292179|8473480.69
504210|8473008.60
46129|8472717.96
561208|8471652.95
569205|8470191.45
217664|8470080.98
134274|8469242.52
114236|8469082.51
335680|8469040.80
412274|8468793.40
343160|8468366.46
136085|8467880.02
473215|8467569.24
569437|8466684.72
381735|8463686.25
504821|8463358.21
33686|8463253.42
315975|8462961.00
535050|8462345.15
150694|8461071.80
233677|8460685.32
157988|8460123.20
527793|8459782.56
594815|8458952.72
217732|8457328.02
121802|8456231.12
169774|8455769.57
492469|8455739.25
518138|8454464.97
140584|8454157.34
337884|8453952.78
581659|8453569.14
444030|8453207.80
117444|8452876.63
38793|8452786.92
572739|8452674.27
159626|8452659.85
277757|8452534.74
113152|8452018.57
126436|8451704.18
467459|8451199.05
292730|8449450.26
277223|8449169.60
376781|8446919.70
585109|8446707.21
363962|8446700.22
152231|8446131.16
392585|8445754.68
290108|8445347.32
363091|8445121.08
384286|8443755.20
104177|8442116.48
334690|8441906.23
247660|8441194.41
193493|8440138.26
256801|8437900.32
169401|8436945.99
313947|8436554.40
545572|8436193.57
303994|8434942.56
286314|8434871.78
329184|8434367.87
419881|8433977.31
109467|8433746.84
274203|8433596.40
94751|8433377.10
464324|8433346.95
304691|8432540.84
212488|8432467.25
298079|8431957.67
214637|8431909.56
162580|8431736.43
586079|8431122.90
23914|8430621.10
471913|8430588.85
350416|8430361.20
595161|8429193.20
94657|8428834.26
55098|8428792.50
223679|8428551.04
86640|8427372.12
459584|8425984.12
305247|8425741.59
137871|8425625.68
475086|8425549.05
577666|8424318.25
222785|8423434.00
437708|8422223.40
104514|8421776.47
295606|8420691.24
445148|8420461.92
461471|8420185.90
493685|8420058.24
561164|8419163.52
142615|8419043.64
309586|8418857.82
503403|8418631.56
482537|8417433.99
158324|8417335.08
303533|8417124.27
549644|8416929.30
306549|8416695.51
429206|8415379.50
240634|8415116.27
139597|8414893.00
326426|8413301.70
111310|8412826.90
43778|8412450.18
107989|8411970.84
58914|8411928.03
276600|8411131.60
567816|8411068.65
571326|8409694.87
287837|8409305.52
567615|8407059.92
253182|8405208.00
170769|8404693.22
433767|8403852.18
519293|8403303.02
585704|8402508.24
188014|8401302.00
509505|8400197.52
183948|8398667.55
392171|8398611.90
449678|8396962.65
169661|8396861.76
208451|8396395.72
100215|8395906.61
141072|8395549.12
21656|8394977.40
15437|8394925.00
178135|8394872.76
426063|8393136.49
296677|8392961.20
513408|8392116.12
157192|8391715.12
415939|8391695.89
484144|8391434.77
142288|8390708.82
401504|8390144.20
410108|8388536.78
226528|8388420.00
473931|8388063.66
324764|8385856.40
581405|8385754.00
518619|8385720.57
261707|8384963.58
47297|8383710.48
6448|8383534.29
543699|8381354.28
523401|8380648.80
571926|8380269.58
29740|8380135.88
584617|8379317.65
174403|8378575.73
473756|8378325.48
541188|8378305.68
119118|8377740.00
422218|8377502.80
20741|8376968.00
87865|8376618.25
252372|8375219.19
264743|8375144.40
86126|8374097.46
338549|8371954.00
199167|8371625.40
401592|8370463.05
334586|8370360.32
499467|8370162.88
498607|8370060.16
161666|8369924.08
54031|8369024.26
550224|8368118.20
414961|8368051.06
266468|8367806.72
337427|8366504.06
20787|8366485.59
436443|8366215.83
159337|8366092.26
575332|8365945.89
576437|8364937.16
212279|8364677.42
299368|8364148.23
312521|8364103.50
204721|8364089.37
428602|8364077.68
137597|8363185.94
512592|8362212.18
75686|8361883.58
501398|8361749.51
167523|8361509.80
538477|8361313.88
211109|8361198.67
348959|8360743.56
328733|8360680.32
548090|8359995.60
111327|8358946.38
372096|8358916.20
328806|8358446.01
584313|8358102.00
488549|8357531.82
545734|8357139.36
313494|8356745.25
539206|8356592.16
369355|8354809.80
175840|8353967.58
597549|8353692.00
346372|8353610.58
318666|8353565.96
484781|8353513.68
71407|8353284.16
296906|8353254.75
31718|8350812.36
269996|8350738.30
495553|8350203.74
152279|8349970.92
296291|8349300.76
438326|8348728.13
509394|8348451.30
166998|8348326.56
382035|8348031.90
503344|8347599.84
73082|8347357.39
76849|8347292.10
173686|8347055.19
30386|8346063.71
216916|8346029.49
227801|8346016.00
470035|8345453.70
503723|8345052.26
194076|8344591.36
74785|8342519.13
98423|8340775.20
145516|8340636.56
515542|8339983.08
164188|8339885.00
225013|8339828.91
544932|8338688.36
71965|8338666.51
435852|8338156.65
220224|8337972.44
41039|8337415.02
130498|8337201.16
437871|8336962.32
142675|8335493.24
319098|8334768.79
60383|8334192.81
546226|8334063.70
257884|8334040.00
271373|8333522.91
337315|8333395.92
431728|8333332.92
413115|8332990.76
35368|8332767.45
308696|8332209.34
238608|8332197.68
246863|8332139.52
192131|8329307.22
202663|8328380.20
466056|8327697.30
241036|8326900.22
218636|8325826.32
141418|8324949.27
81642|8324439.66
97840|8324386.14
161872|8323783.20
160|8323417.32
132370|8323188.44
113613|8322981.78
169439|8322854.89
533855|8322835.20
579747|8320952.90
401880|8320826.28
580573|8320378.92
30684|8319302.00
82526|8319197.52
345778|8319056.40
560938|8318233.44
295906|8318039.24
109008|8317836.54
539331|8317822.02
103744|8317797.54
22634|8316531.24
466588|8316111.96
131963|8315958.00
290532|8315660.60
42388|8314886.00
153816|8312439.20
594039|8312297.42
364442|8312294.16
189212|8311372.56
533758|8311010.14
1388|8310259.14
176068|8309967.00
75954|8307147.55
326126|8307111.88
435928|8305965.46
16980|8305658.40
291204|8305519.68
407474|8305509.24
224044|8304917.88
536600|8304477.30
560118|8303898.72
532401|8303138.05
586151|8302993.92
315215|8302424.13
35592|8302383.80
581238|8301380.59
159934|8299365.40
181686|8298958.90
155084|8298399.72
536137|8298231.00
405153|8297962.56
418157|8297838.14
110871|8297096.28
71062|8296507.44
283477|8292771.57
597038|8292091.56
326226|8291774.66
381896|8291733.23
167849|8291505.54
314582|8291322.80
393334|8290532.90
339051|8289029.80
371584|8288716.50
302892|8288180.86
149739|8288138.32
151811|8287845.48
328235|8287176.15
64473|8286137.44
385265|8285786.76
544991|8283878.90
581301|8282635.80
20984|8282394.89
296864|8281584.48
205493|8280465.60
97130|8279354.72
134706|8278865.01
592072|8278556.94
563107|8278468.66
445606|8277818.77
245400|8276891.97
272613|8276834.12
117827|8276580.32
269|8276432.67
386175|8275921.50
19246|8275486.94
487101|8275310.50
341437|8274254.98
66770|8273407.80
173173|8273225.60
97529|8272835.93
519257|8272787.50
309345|8272472.46
590607|8271529.74
561987|8270588.16
394063|8270585.83
251954|8270398.28
100180|8270213.74
19666|8270192.64
336207|8270074.98
327095|8269999.59
254826|8269576.30
246397|8269274.00
316366|8268546.40
413604|8266831.54
99458|8266564.47
533576|8266146.44
411929|8266052.97
463575|8265139.96
210921|8265054.72
409456|8264032.39
147645|8263921.66
114280|8263818.52
284147|8263673.00
347737|8263382.40
306082|8261355.56
139693|8261050.49
140660|8260656.60
592405|8260631.20
285165|8259768.00
178766|8259547.32
457517|8259043.36
417736|8258349.20
165015|8255493.56
247243|8254669.40
266652|8254054.64
519776|8253143.99
579631|8253074.38
245985|8253037.39
183319|8252310.43
357653|8252263.20
599069|8250775.70
64170|8250533.06
243375|8250064.00
563811|8249027.00
61778|8248653.41
442871|8248544.05
454403|8247709.86
525795|8247591.31
174139|8246925.84
167635|8246606.97
207014|8246566.28
273975|8246458.11
51294|8245334.40
126245|8243904.18
527159|8243780.64
482515|8242937.56
593880|8242326.00
503448|8242285.40
431256|8239684.38
123786|8239581.24
417288|8239515.62
200797|8238909.37
130202|8238359.84
456669|8238276.09
593221|8237880.00
277672|8237705.05
478839|8237624.64
256596|8237210.80
246172|8236884.96
107933|8236856.82
579732|8236720.15
347365|8236313.70
462619|8235699.66
105952|8235126.63
23075|8234984.60
32897|8234487.32
533485|8234028.88
131083|8233421.62
531035|8233343.20
8301|8232853.02
484515|8232490.46
322966|8232265.58
47447|8230856.20
143180|8230553.48
577363|8230167.43
352623|8230089.43
367757|8229122.52
486076|8228786.76
356100|8228264.58
208574|8227960.56
319337|8226771.20
540992|8226514.47
320874|8226426.78
52782|8226316.00
238726|8226295.30
392160|8226124.90
138980|8225402.64
474770|8224672.40
408495|8224579.82
357585|8224160.04
269594|8223856.08
251268|8223616.18
227749|8222560.58
198583|8222384.48
591556|8222334.24
85611|8220915.08
239205|8220442.23
326881|8219507.94
254669|8217940.20
132220|8217065.84
396770|8216701.04
351259|8215391.55
73654|8215156.28
291609|8214839.28
255195|8213645.04
151018|8213241.96
117166|8212883.40
22542|8212735.36
62289|8212731.63
378723|8212191.00
236513|8211373.38
114700|8211219.92
242985|8210805.34
394863|8210728.85
419298|8210696.02
306455|8210658.28
197468|8210464.08
396119|8210001.80
525552|8209857.75
121999|8209405.40
155924|8209134.80
55630|8208932.70
423739|8208687.08
376487|8208542.70
32379|8208338.88
418567|8207139.60
262972|8206978.57
472161|8206933.13
131961|8206905.27
221836|8206196.45
483020|8206188.64
423251|8205632.64
21837|8205106.07
363575|8204551.62
101289|8204493.86
15002|8203741.02
473723|8202545.68
257611|8202352.23
402409|8201620.46
192651|8200315.56
66181|8200184.65
278311|8199848.78
359987|8199361.74
286409|8199322.22
358529|8198785.02
228948|8198198.28
422517|8198122.39
484554|8197906.62
252236|8197863.55
569355|8197726.58
493255|8197126.00
294700|8196645.60
398041|8196460.00
14905|8196341.94
154734|8196058.74
141701|8195865.48
528141|8195546.25
346253|8195309.99
218953|8195114.40
33114|8194619.95
352915|8194408.56
190412|8194110.49
360157|8193690.14
147280|8193688.80
238055|8193187.52
92814|8192738.30
588935|8192718.44
313928|8192163.26
547173|8191872.00
356159|8191652.42
472266|8191498.28
585370|8191389.33
30460|8191234.26
274590|8191164.80
534134|8190866.72
433849|8190040.44
398769|8189403.60
114578|8189310.72
286990|8188920.60
162442|8188711.11
494584|8188623.36
391632|8188556.04
408973|8188178.88
523821|8186758.00
263291|8185731.05
103516|8185471.40
298568|8185021.92
450530|8184910.24
405105|8184797.11
544412|8184773.15
26774|8184561.92
57925|8184121.68
281499|8183994.40
316061|8182492.50
551056|8182391.04
127202|8182138.50
408643|8181236.84
345904|8180957.68
543899|8180466.20
163429|8179982.49
471457|8179736.17
75210|8179176.39
236186|8179101.00
84151|8179010.00
273990|8178874.89
531282|8178835.76
159643|8178437.87
474204|8178268.35
306790|8178119.38
80417|8177844.28
537191|8176840.82
352438|8176328.16
519881|8176261.68
387598|8175504.86
432756|8175390.30
58772|8175218.80
72845|8174676.00
4731|8174489.80
519755|8173792.48
56888|8173342.00
401729|8173283.25
38413|8172464.04
30599|8171525.96
537781|8170545.81
546036|8170287.66
47550|8170253.42
214321|8170069.00
557462|8169743.12
457666|8169711.78
83462|8168829.84
134739|8168181.48
191617|8167683.08
222220|8167679.55
7363|8167538.05
105591|8167499.99
539792|8166586.96
562525|8166529.14
394125|8166192.40
334220|8165991.65
261078|8165748.38
392943|8165168.02
277429|8163469.57
303197|8163297.39
432464|8162830.40
116669|8162826.08
236677|8161892.82
98435|8161771.45
251529|8161395.55
451936|8161035.46
19210|8160931.14
336569|8159633.82
96907|8159579.23
79030|8159500.16
211446|8159480.00
320370|8159275.07
431478|8158922.84
6790|8158792.66
581429|8157667.77
589450|8157239.48
21824|8157032.88
41485|8156833.32
231457|8156279.24
167454|8154498.23
156097|8154261.51
36522|8153964.00
44792|8153384.22
480840|8153189.46
332688|8153032.64
166029|8153017.60
77313|8152575.75
457027|8151716.16
69512|8151537.00
423497|8151164.35
73718|8151071.66
118021|8150017.14
7679|8149598.47
52203|8149430.52
59153|8149280.65
203837|8148660.91
8837|8148388.00
174342|8148095.23
546052|8147998.95
563881|8147814.05
255871|8146363.40
466598|8146020.05
114379|8145627.70
274274|8145510.87
45434|8145456.52
138002|8145084.20
86201|8144956.03
373638|8144732.51
596541|8143918.56
277607|8143875.95
299334|8143468.92
151399|8143011.61
273715|8142912.60
498744|8142686.20
227523|8142616.62
491635|8142030.54
426658|8140888.80
379336|8140157.90
317429|8140080.00
234830|8139891.34
428047|8139209.40
262639|8138728.32
531820|8138583.49
565803|8138370.51
555347|8138276.38
280779|8137892.79
189555|8137811.71
190364|8137424.49
199018|8137409.50
94227|8136739.24
260584|8136120.64
203832|8136024.40
273411|8135301.60
129261|8134558.58
294403|8134099.36
480029|8133890.56
197792|8133401.58
1842|8132524.26
6544|8132489.28
100305|8131645.36
38901|8131639.14
381607|8131294.24
260317|8130570.84
348840|8129591.24
214489|8129296.35
453716|8129127.50
99039|8128290.78
561315|8128000.01
570907|8127973.04
58935|8127639.99
108746|8125524.54
292474|8125182.78
576868|8123689.86
510687|8123404.80
72684|8123294.40
335930|8122895.22
141430|8121757.48
156817|8121247.00
585404|8120620.20
148018|8119898.16
152635|8119831.88
175425|8119500.52
251730|8118846.70
364296|8118809.14
43441|8118744.28
195725|8118733.86
180028|8118013.37
221532|8117618.26
349687|8117379.40
549695|8116766.00
81048|8116136.67
27975|8115386.39
370188|8115240.35
228513|8115049.62
326553|8114132.80
388038|8114023.05
126214|8113407.81
258921|8112806.13
585724|8112075.48
586288|8111439.54
409425|8110436.75
67115|8110255.42
503416|8109901.05
245683|8109652.37
313718|8108273.29
452707|8108092.44
456610|8107511.28
118391|8107360.29
388662|8106949.45
428307|8106837.41
93786|8106157.30
155364|8105678.88
312651|8105097.56
112689|8104635.81
198703|8103549.08
384215|8103407.18
262346|8102762.98
427492|8102560.56
223492|8101552.59
335790|8101431.60
265196|8101085.85
314938|8100655.43
570876|8099753.20
590847|8099647.00
155611|8097094.46
309589|8094893.13
546217|8094368.50
38979|8094329.16
193172|8094225.15
586781|8093812.32
480919|8093539.92
347111|8093453.62
69478|8093444.57
493056|8092113.12
580460|8091137.36
289208|8091044.44
99499|8090793.22
6648|8090600.63
288788|8089472.64
441747|8089472.08
562952|8089425.18
394872|8089059.51
557615|8087762.52
35595|8087547.50
419079|8086741.31
254388|8086650.05
388473|8086318.90
199208|8085255.91
209990|8085084.78
289397|8084974.40
543637|8084858.43
546241|8084794.06
34501|8084720.02
321524|8083754.35
49251|8083516.76
384035|8082700.56
422603|8082557.23
93595|8082188.80
568948|8081350.20
278768|8080897.79
556159|8080876.80
484619|8080874.36
251008|8079659.25
514185|8079064.32
571343|8078807.70
92605|8077007.50
598236|8076673.54
89808|8076557.07
26918|8076355.44
12007|8075627.36
154199|8074940.76
483960|8074841.84
60963|8073894.40
266066|8073483.00
434503|8072667.37
256383|8072263.36
149565|8071920.55
361829|8070696.76
86260|8070575.68
229335|8070541.25
265991|8070379.20
128860|8070182.88
528087|8069847.24
176001|8068203.30
579077|8067082.04
527623|8066720.19
426793|8065971.72
306166|8065880.69
490188|8065437.21
409144|8064954.84
44224|8064198.20
488504|8062703.74
340777|8062242.64
385903|8061150.32
113442|8060976.00
111475|8060718.47
338633|8060689.20
122814|8059912.00
459842|8059905.22
527197|8059780.26
19665|8059105.74
467765|8058499.20
233153|8058381.90
596880|8058109.82
239812|8057569.52
220126|8055424.41
133761|8055336.48
138275|8055151.65
590991|8054542.00
156866|8054128.89
556703|8053876.96
538599|8053473.12
476546|8053396.92
587142|8053036.22
338210|8052852.06
34240|8052689.34
196715|8052644.16
576032|8052139.49
244153|8051894.08
11298|8051518.40
329355|8049790.76
477617|8048653.58
503069|8048327.19
442164|8048164.78
37549|8047756.04
184659|8047244.17
266941|8046571.44
46556|8046219.93
354708|8046152.27
73882|8046027.25
219834|8046020.86
534899|8045725.22
212803|8045340.61
344315|8045119.25
527152|8044938.40
65543|8044285.58
514616|8044104.36
343016|8042955.96
488918|8042589.53
335407|8042079.90
319309|8041625.60
46304|8041329.00
507612|8040681.75
230928|8040426.80
398077|8039847.42
3242|8038855.53
114789|8038628.35
575146|8038413.21
145274|8038377.72
45384|8038341.78
404306|8037730.93
431815|8037015.76
298274|8036664.60
491398|8035963.40
198443|8035428.96
143589|8035145.92
309452|8035139.84
498210|8034911.94
268735|8034702.40
385072|8034562.50
102174|8033872.41
172904|8033791.68
96673|8033491.20
255255|8032814.66
32180|8032380.72
365495|8032256.25
342773|8032000.08
231071|8031539.23
369987|8031147.78
584691|8030434.50
528622|8030148.84
257|8028783.54
17323|8028757.11
306726|8028308.75
473480|8027214.78
525065|8026385.46
165167|8026150.68
526434|8026018.00
543959|8025899.14
470288|8025721.35
585822|8025369.00
336546|8025100.22
130669|8024987.82
321247|8024957.38
313287|8024752.05
78927|8023363.24
348437|8023355.34
531773|8022813.62
223023|8022618.34
368786|8021550.60
151287|8020952.16
20758|8020924.86
345125|8020204.92
2073|8020009.64
142753|8019199.46
94321|8018726.51
203442|8018225.67
541036|8018022.18
496654|8017459.99
153095|8017457.76
576712|8015497.60
172026|8015116.32
162079|8014638.60
63512|8014431.71
328531|8014324.40
495900|8014288.58
452849|8014230.38
567636|8013647.18
443608|8013207.36
298067|8013008.07
210884|8012854.86
267584|8012518.50
23614|8011327.57
237270|8011112.26
367900|8010552.16
405714|8009837.76
140413|8009646.39
501852|8009486.20
36281|8008916.52
275646|8008798.16
568434|8008709.67
450421|8008332.80
139921|8007677.80
183205|8007246.45
181562|8006805.96
252311|8006107.80
220230|8005953.76
352782|8005767.84
519642|8005376.08
62500|8005316.28
91214|8004809.10
128435|8004242.88
533137|8003765.70
74367|8003430.40
132493|8003216.14
197544|8002737.19
468519|8002693.06
23795|8001842.55
83390|8001054.00
34389|8000928.88
204143|8000896.48
229214|8000805.69
494931|8000739.45
106110|8000042.58
184779|7999658.83
597651|7999041.96
32183|7998946.20
482340|7997888.86
213698|7997702.40
174559|7994361.58
593581|7993477.24
209688|7992242.40
11562|7991192.97
89794|7991082.18
8329|7990052.90
75251|7988874.04
298772|7988348.80
61131|7988141.46
454437|7987774.08
595119|7987624.00
556072|7987463.79
405937|7986331.50
260594|7986275.64
239135|7986110.82
517655|7984649.64
28059|7984427.74
558357|7984372.95
564385|7984372.40
552590|7983420.00
563237|7983116.18
307829|7983064.32
82438|7982700.43
385904|7981591.80
574322|7980567.24
408948|7979949.00
