s_name|s_address
Supplier#000000020|iybAE,RmTymrZVYaFZva2SH,j
Supplier#000000091|YV45D7TkfdQanOOZ7q9QxkyGUapU1oOWU6q3
Supplier#000000157|,mEGorBfVIm
Supplier#000000197|YC2Acon6kjY3zj3Fbxs2k4Vdf7X0cd2F
Supplier#000000226|83qOdU2EYRdPQAQhEtn GRZEd
Supplier#000000285|Br7e1nnt1yxrw6ImgpJ7YdhFDjuBf
Supplier#000000287|7a9SP7qW5Yku5PvSg
Supplier#000000354|w8fOo5W,aS
Supplier#000000361|f8IUYRmdVXhQC9qJQjWknCXmzhe38vCbk6
Supplier#000000378|FfbhyCxWvcPrO8ltp9
Supplier#000000402|i9Sw4DoyMhzhKXCH9By,AYSgmD
Supplier#000000530|0qwCMwobKY OcmLyfRXlagA8ukENJv,
Supplier#000000557|jj0wUYh9K3fG5Jhdhrkuy ,4
Supplier#000000640|mvvtlQKsTOsJj5Ihk7,cq
Supplier#000000657|nas2fhRwM97W8EEqYpBN
Supplier#000000688|D fw5ocppmZpYBBIPI718hCihLDZ5KhKX
Supplier#000000710|f19YPvOyb QoYwjKC,oPycpGfieBAcwKJo
Supplier#000000729|pqck2ppy758TQpZCUAjPvlU55K3QjfL7Bi
Supplier#000000736|l6i2nMwVuovfKnuVgaSGK2rDy65DlAFLegiL7
Supplier#000000761|zlSLelQUj2XrvTTFnv7WAcYZGvvMTx882d4
Supplier#000000783|dMpZwZ95xznZWg4acMQW dK8AQMhB
Supplier#000000884|bmhEShejaS
Supplier#000000935|ij98czM 2KzWe7dDTOxB8sq0UfCdvrX
Supplier#000001033|A6x1P,56sVHkb4DqVyUw32n,ChI
Supplier#000001141|xCOuPvOd565r9H31,xuZcpE
Supplier#000001245|bztTCfHZnsLafgtZWe,isV Gr 4IFg
Supplier#000001399|LmrocnIMSyYOWuANx7
Supplier#000001446|lch9HMNU1R7a0LIybsUodVknk6
Supplier#000001500|wDmF5xLxtQch9ctVu,
Supplier#000001501|xL06,Y 2M3CjPr
Supplier#000001528|it4EmP9yhW0IZvUnapbYfoKXVvY2
Supplier#000001624|ISkTuv6KLp9AcxdWRGJ8 ey,r56tQ9DozGP
Supplier#000001746|qWsendlOekQG1aW4uq06uQaCm51se8lirv7 hBRd
Supplier#000001806|M934fuZSnLW
Supplier#000001856|jXcRgzYF0ah05iR8p6w5SbJJLcUGyYiURPvFwUWM
Supplier#000001873|Tdzlitffjp,Qv7bB3mWthF8
Supplier#000001931|FpJbMU2h6ZR2eBv8I9NIxF
Supplier#000001939|Nrk,JA4bfReUs
Supplier#000001958|bJAZFisYzqSFaspq2XQOVwrEpGgtTe9 1ccU9RJ
Supplier#000001990|DSDJkCgBJzuPg1yuM,CUdLnsRliOxkkHezTCA
Supplier#000002096|kuxseyLtq QPLXxm9ZUrnB6Kkh92JtK5cQzzXNU 
Supplier#000002204|uYmlr46C06udCqanj0KiRsoTQakZsEyssL
Supplier#000002218|nODZw5q4dx kp0K5
Supplier#000002245|hz2qWXWVjOyKhqPYMoEwz6zFkrTaDM
Supplier#000002282|ES21K9dxoW1I1TzWCj7ekdlNwSWnv1Z  6mQ,BKn
Supplier#000002303|nCoWfpB6YOymbgOht7ltfklpkHl
Supplier#000002331|WRh2w5WFvRg7Z0S1AvSvHCL
Supplier#000002373|RzHSxOTQmElCjxIBiVA52Z JB58rJhPRylR
Supplier#000002476|XmIgFZUxS9KpXDl
Supplier#000002494|8 j3qJvL6qjroE avAdKFooKo4IMH2oPHLXH0H9p
Supplier#000002571|JZUugz04c iJFLrlGsz9O N,W 1rVHNIReyq
Supplier#000002587|hcsr Obo8yP0176DtTqs5CDxn1,HK1Uvmem
Supplier#000002629|0Bw,q5Zp8su9XrzoCngZ3cAEXZwZ
Supplier#000002669|GG1GW2tM6wvOW iIPblxxmXj2g
Supplier#000002730|lIFxR4fzm31C6,muzJwl84z
Supplier#000002799|lwr, 6L3gdfc79PQut,4XO6nQsTJY63cAyYO
Supplier#000002853|rTNAOItXka
Supplier#000002875|6JgMi 9Qt6VmwL3Ltt1SRlKww0keLQ,RAZa
Supplier#000002934|m,trBENywSArwg3DhB
Supplier#000002980|B9k9yVsyaXvWktOSHezqHiAEp9id0SKzkw
Supplier#000003087|ANwe8QsZ4rgj1HSqVz991eWQ
Supplier#000003143|hdolgh608uTkHh7t6qfSqkifKaiFjnCH
Supplier#000003169|ODz6ABJGTs8Qnz
Supplier#000003185|hMa535Cbf2mj1Nw4OWOKWVrsK0VdDkJURrdjSIJe
Supplier#000003189|DWdPxt7 RnkZv6VOByR0em
Supplier#000003288|EDdfNt7E5Uc,xLTupoIgYL4yY7ujh,
Supplier#000003304|wLN88ULs9Y
Supplier#000003313|El2I7we,049SPrvomUm4hZwJoOhZkvLxLJXgVH
Supplier#000003314|jnisU8MzqO4iUB3zsPcrysMw3DDUojS4q7LD
Supplier#000003380|jPv0V,pszouuFT3YsAqlP,kxT3u,gTFiEbRt,x
Supplier#000003388|5jhre3tArrwL
Supplier#000003403|e3X2o ,KCG9tsHji8A XXCxiF2hZWBw
Supplier#000003421|Sh3dt9W5oeofFWovnFhrg,
Supplier#000003556|orv,fQlamFT EQxgLhUf4nkAaSIN5eQsA9j,
Supplier#000003656|eEYmmO2gmD JdfG32XtDgJV,db56
Supplier#000003723|jZEp0OEythCLcS OmJSrFtxJ66bMlzSp
Supplier#000003782|iVsPZg7bk06TqNMwi0LKbLUrC1zmrg
Supplier#000003795|Q6DPJ4AogZ RFB0TAs,F2FtIW8C67wax9pE
Supplier#000003849|KgbZEaRk,6Q3mWvwh6uptrs1KRUHg 0
Supplier#000003941|Pmb05mQfBMS618O7WKqZJ 9vyv
Supplier#000003994|W00LZp3NjK0
Supplier#000004111|fEPasEoS6uaJ VsPTh1qNht0
Supplier#000004140|0hL7DJyYjcHL
Supplier#000004201|C5x43M76dnb1w2LFbhB
Supplier#000004207|tF64pwiOM4IkWjN3mS,e06WuAjLx
Supplier#000004304|hQCAz59k,HLlp2CKUrcBIL
Supplier#000004343|GK3sbopqrQEkWLMvVBFCG
Supplier#000004373|TBPWO5waPyT1GMLBRRq4WVTVDCHTU0l
Supplier#000004406|Ah0ZaLu6VwufPWUz,7kbXgYZhauEaHqGIg
Supplier#000004527|p pVXCnxgcklWF6A1o3OHY3qW6
Supplier#000004542|NJSbLJDroYG2y1r3rDiKg
Supplier#000004588|Al7amqeLcVEZkcGjmdpNGWp0VC93q0j
Supplier#000004655|67NqBc4 t3PG3F8aO IsqWNq4kGaPowYL
Supplier#000004701|6jX4u47URzIMHf
Supplier#000004769|Iom2IeCJ44BiWH
Supplier#000004847|qsHYyZLkySro7Wmc6tfZqN1ycgwq3XF1bA m
Supplier#000004851|Rj,x6IgLT7kBL99nqp
Supplier#000005196|EKn1rQDs252VxJ5GGcaZ8yu8DWMiaadb
Supplier#000005257|f9g8SEHB7obMj3QXAjXS2vfYY22
Supplier#000005283|5fxYXxwXy,TQX,MqDC2hxzyQ
Supplier#000005300|gXG28YqpxU
Supplier#000005366|xZ1YlzN4ielvPCH3se9
Supplier#000005386|Ub6AAfHpWLWP
Supplier#000005484|saFdOR qW7AFY,3asPqiiAa11Mo22pCoN0BtPrKo
Supplier#000005485|lPUyDH6sYA6ktvEc25b4hvYmUKrtIXVcuc6t
Supplier#000005505|d2sbjG43KwMPX
Supplier#000005506|On f5ypzoWgB
Supplier#000005542|lM7Z7zbCFaVB7nXU1Ver
Supplier#000005631|14TVrjlzo2SJEBYCDgpMwTlvwSqC
Supplier#000005642|ZwKxAv3V40tW E8P7Qwu,zlu,kPsL
Supplier#000005686|f2RBKec2T1NIi7yS M
Supplier#000005736|2dq XTYhtYWSfp
Supplier#000005737|dmEWcS32C3kx,d,B95 OmYn48
Supplier#000005797|,o,OebwRbSDmVl9gN9fpWPCiqB UogvlSR
Supplier#000005809|OS,jWuDlF0msPmJVIXAFsJVGjRs
Supplier#000005836|tx3SjPD2ZuWGFBRH,
Supplier#000006059|4m0cv8MwJ9yX2vlwI Z
Supplier#000006065|UiI2Cy3W4Tu5sLk LuvXLRy6KihlGv
Supplier#000006084|gv,vfg,ApqCQ37Sy2O0v3Gsr
Supplier#000006093|KJNUg1odUT2wtCS2s6PrH3D6fd
Supplier#000006099|aZilwQKYDTVPoK
Supplier#000006109|rY5gbfh3dKHnylcQUTPGCwnbe
Supplier#000006215|j2iEbTsl,5PWdqWZ7k1yiISb7qtiiZljDIPEo
Supplier#000006274|S3yTZWqxTKUq g QQgcW9 AqhCkNZsW51hHuwU
Supplier#000006435|xIgE69XszYbnO4Eon7cHHO8y
Supplier#000006478|bQYPnj9lpmW3U
Supplier#000006492|H,X6eulSW3LVy0uxdM
Supplier#000006521|b9 2zjHzxR
Supplier#000006642|N,CUclSqRLJcS8zQ
Supplier#000006645|66atrH65661mtBBwH,zYw2,G
Supplier#000006748|rC,2rEn8gKDIS5Q0dJEoiF
Supplier#000006761|n4jhxGMqB5prD1HhpLvwrWStOLlla
Supplier#000006858|fnlINT885vBBhsWwTGiZ0o22thwGY16h GHJj21
Supplier#000006863|ElFcmfHn2n
Supplier#000006946|To6Slo0GJTqcIvD
Supplier#000006985|PrUUiboQpy,OtgJ01Z4BxJQUyrw9c3I
Supplier#000007122|xMKInuZNsJ,gLecTyT ROceYfx
Supplier#000007132|xonvn0KAQIL3p8kYk HC1FSSDSUSTC
Supplier#000007135|ls DoKV7V5ulfQy9V
Supplier#000007146|J8I3Pyfc2Usr2tJMJLDbsq7
Supplier#000007183|6fW9mxnQy82BJHO,Y40C7TLo51ZsbFRbx AHr
Supplier#000007274|sGXGtoXKb0qXjrdN oi,15zOP
Supplier#000007304|n 2pSn2qMg85wHuzOwsTRs0G73Ni
Supplier#000007365|51xhROLvQMJ05DndtZWt
Supplier#000007398|V8eE6oZ00OFNU,
Supplier#000007426| 4r0HDt85zLPoM
Supplier#000007477|9m9j0wfhWzCvVHxkU,PpAxwSH0h
Supplier#000007536|c9HkDsVtkhjKrW
Supplier#000007561|rMcFg2530VC
Supplier#000007675|LMt0fLfNb3c62Tb5bzJCYoKmMQp,Rai
Supplier#000007885|u3sicchh5ZpyTUpN1cJKNcAoabIWgY
Supplier#000007965|F7Un5lJ7p5hhj
Supplier#000008168|aOa82a8ZbKCnfDLX
Supplier#000008231|IK7eGw Yj90sTdpsP,vcqWxLB
Supplier#000008243|2AyePMkDqmzVzjGTizXthFLo8h EiudCMxOmIIG
Supplier#000008366|h778cEj14BuW9OEKlvPTWq4iwASR6EBBXN7zeS8
Supplier#000008410|9riCCazinZsgc8mbjKa1wEfbGv oVlgKhanGW
Supplier#000008423|RQhKnkAhR0DAr3Ix4Q1weMMn00hNe Kq
Supplier#000008467|mOzxpu7,0X7f2,BY3d OnG6yDTPz7k74
Supplier#000008480|4sSDA4ACReklNjEm5T6b
Supplier#000008595|MH0iB73GQ3z UW3O DbCbqmc
Supplier#000008683|gLuGcugfpJSeGQARnaHNCaWnGaqsNnjyl20
Supplier#000008742|HmPlQEzKCPEcTUL14,kKq
Supplier#000008750|1SrKDBP9Y0PAguWqMUm7EJrtfqIOsVaTmfz6fP0
Supplier#000008841|I 85Lu1sekbg2xrSIzm0
Supplier#000008879|rDSA,D9oPM,65NMWEFrmGKAu
Supplier#000008967|2kwEHyMG 7FwozNImAUE6mH0hYtqYculJM
Supplier#000008972|w2vF6 D5YZO3visPXsqVfLADTK
Supplier#000009032|qK,trB6Sdy4Dz1BRUFNy
Supplier#000009147|rOAuryHxpZ9eOvx
Supplier#000009242|RNHDzJ8rblcgd3G2hjdnygsZAlrTJL
Supplier#000009252|F7cZaPUHwh1 ZKyj3xmAVWC1XdP ue1p5m,i
Supplier#000009359|3C6cbvoRrnGxmBi46zAlrIbzS8
Supplier#000009460|j4O6xdqHc029jy5iPBgNv3E
Supplier#000009549|h3RVchUf8MzY46IzbZ0ng09
Supplier#000009567|r4Wfx4c3xsEAjcGj71HHZByornl D9vrztXlv4
Supplier#000009601|51m637bO,Rw5DnHWFUvLacRx9
Supplier#000009709|rRnCbHYgDgl9PZYnyWKVYSUW0vKg
Supplier#000009718|TJcCKxiE0v8hVqydfBW8EFuRqNDeKoD
Supplier#000009811|E3iuyq7UnZxU7oPZIe2Gu6
Supplier#000010030|XIjCJB02GkhyDsLtZYoKCf
Supplier#000010062|CrnvedUh2fbt1Ev1JgYdYxyMi6VZyfYm6RGy0O,b
Supplier#000010076|UvAlzXRoFUhR0B
Supplier#000010104|0SSfT7hcmgdwtKOupMHP7Z
Supplier#000010137|x2dUbeYdfrPo4qUSJdRHf6cghXEQoNmHlNoFM
Supplier#000010222|5PDnBuo3v9sZcMUiuw6DYnKU4DnS
Supplier#000010232|sJwfSOA0raa64TVBxHWoIJBE kOMUESrp54Bdx
Supplier#000010378|B8jOOQmOA 50Kh3bxUdBx
Supplier#000010390| mV7IVtTHTorQwikuBJHnGvU1kyK
Supplier#000010437|tr7i,drVsJW
Supplier#000010477|asi8LzAvygFAUkiUqevJPaS3a2
Supplier#000010499|AmZQ39jp9jb1Ji87VMNGPqi
Supplier#000010546|lqWFFKhXnKyGkmT2uOgJy
Supplier#000010676|53jVoS5cwQHlk7oH08JEPMEUfIDkaINqc
Supplier#000010694|TZhYvpylYl,XTyuM,lq
Supplier#000010706|houPDPDQlH44JTq0CE8ABRYB2VO7Y6kfeetR5mY1
Supplier#000010760|3wn6sTBt5cDhayJgTnTcA5M6D
Supplier#000010763|3rrf62SnFY8BNv2I0TvF1VYIoJ8bsfq4tLKyB
Supplier#000010818| v7AqbqLi9ueCBsGv77wvgb1IFijOfqI4f
Supplier#000010862|G54lJYVH tzyHghsQywSFVZr33H
Supplier#000010910|HxaV9RViy9bbpmdOd3IOzKpCW
Supplier#000011032|vQ9ikV2UkGDvCgWFSxO8n5t3kS0EanLnvoGF
Supplier#000011059|jxO4LCwFQY2qnJnBLO4hUFsP5oC1lgQI9r
Supplier#000011169|AHDmPndgp 5nxKz
Supplier#000011196|LyXLlCk8GDCqpmmlypH
Supplier#000011241|lrWx4OI3YEzWHqxBA8dGdL5a6YGMH3u bHz
Supplier#000011330|r4ZeIF TdReVv3TfyMLuYckwqgqkpsImTZXfY
Supplier#000011350|OqUxUPUGIPfHo 9uC6gN5rBUyn2gp4sDn23Hg
Supplier#000011402|JEQ1cq4tLRUPKxJBYCmwX1t
Supplier#000011564|nZcaFetblt7YyO bZqwsUMWa6
Supplier#000011674|d0WCVVaNS90jaooqg0TLQXjb3e27 fS
Supplier#000011702|FGAYVhoGN3RsKtMN7YnUUd6P1SLAc
Supplier#000011843|fSG8aElPRJxrsFY1KWflVnRfb8kZfKerkQbd
Supplier#000011896|hSIRYZcc6HF1vJdaiDlFngQ5
Supplier#000011906|Xs5mHgDMMr9PYv
Supplier#000011930|CIOIrlidCq6X6iJkCeslTt
Supplier#000011951|XRnC1A6qFa8MOH6lRCex
Supplier#000011963|GwCG,gTNknkugYlEX4M9r
Supplier#000011983|KJJeO9rLhxtpB3ZHaB
Supplier#000012014|HGLILugwb16N04PbIyE9dP2pXeSoNkT bvXWB0
Supplier#000012124|ICA5gQPpqGMsYOyG8aeWqaG73YPSnk
Supplier#000012173|5f0ThrbR5aSLK
Supplier#000012193|w,vbBySrZlwGi8,JutxqaQH497xSoM
Supplier#000012311|hdrYQujROlrh
Supplier#000012319|0d2xNmvz91u9V6PB9ag2boppxWMpnksz3Od5
Supplier#000012362|jAIHgfXpRdhwnma,umRSGxyay0BSLY72qnH,
Supplier#000012434|X2pWvulfJA50cYhi, qrW4ACwhuHUUSQ,duV
Supplier#000012498|NDmfAAGJ1zP2O9rOm WEwVr
Supplier#000012499|BkBRcfuD9m,rozWZLqB8
Supplier#000012530|SjK92Eh6CbdSZw
Supplier#000012572|EoxjOEpb brNTI9NtYrMBn
Supplier#000012587|S NwkjeH1KMXt4AkIYkTac4p9MygrlenmlE
Supplier#000012684|,KXzpyVrBK5lCHmk,
Supplier#000012716|hLrr5d8ulC1o
Supplier#000012777|w,WWMFfw7OS0I SfqXD7xAbghdtCiLIwASDGmH
Supplier#000012789|G,AAG28Mst2WLDIz t7HzVCBr
Supplier#000012990|TaO,rZFEmfHofp5ifonC8aiuHQiwN
Supplier#000013005|nM7DiXMMgB
Supplier#000013082|4uIS5cQK5E1LQj wqh8mCO4lmZI9xTsA6,9gIfqq
Supplier#000013222|sW3gOVrISZ2qWXn4MKk1SgWbKJQ5T pbt56rro
Supplier#000013297|IGiMSzAixMlE,ntu,Va8sEI9HmfsNFUJ0m 02p
Supplier#000013379|gQr2WANXqXV74i96wRTBRgzLrg7pX
Supplier#000013458|vEGDyFfquE5I2ZLetbTPrIz8dOxEp2IpDD
Supplier#000013490|Ouhl7QJHxzAyVEB Jdc9cXVDBj
Supplier#000013537|QIdKA80WVh3jq
Supplier#000013539|OmmKWmyXnfFrtq
Supplier#000013566|w4836CTjXuY5R9LnNisEL7B95eiUUq8bsNpvjH4d
Supplier#000013578|QTCW,SyVC2Brm,,9oDrlacq8bEEHldLyC0Y
Supplier#000013635|bm2 g5Z8 CWwAK3mFB 5fXQ fOzrhkocksIg9WVB
Supplier#000013680|TBCM6r3eogM5
Supplier#000013691|mkYyHdNBkg
Supplier#000013723|RMzBe RPYK3
Supplier#000013935|,GzJg79LtNdJAdz p5I5m5V 
Supplier#000014000|KPcKREfHgA9xZi2B0Iv5
Supplier#000014009|MxyueYxdYQA5fHtSIZIbh
Supplier#000014044|ksHAbGsYUnEaMSQe
Supplier#000014063|,RNXnW42guJs
Supplier#000014150|j7,VdRCjkY7
Supplier#000014198|cLa61huNMVmPCYDaeyzenWKK
Supplier#000014255|iFbmuXnbgjtJSqYpX7wr4W06hVOis24
Supplier#000014475|wh8un3kDeE8MCX0eChKKTDfVCqlPwLMWufV3
Supplier#000014499|rkSAWrQjyk,DJ6ZdMa2p,XYp8miosr71R
Supplier#000014507|nrTEH2amxFSzx1rnMckI
Supplier#000014553|sL04ZO1Jyfnhm
Supplier#000014662|fpk5iEgGJNtwsy,KueHJ
Supplier#000014696|E8sRVrXwmJgNqAq0W0to D2tGOrEunEn,iMQMo,M
Supplier#000014710|sgLLo oGgG
Supplier#000014735|f1PpRaOIGPAHi84JIRAtt4v30c
Supplier#000014796|BrU5GZEVHpV6wvyPHPDZB5yCi4xEDbIN
Supplier#000014823|PNOYPLryHjn,z
Supplier#000014889|9LXmve53H3O
Supplier#000014900|Kpb,LzzgbvHQzD55ZAruTaegw0S
Supplier#000014991|Pew4JChfHwf
Supplier#000015037|l,IAv0uegFpAC7bLra
Supplier#000015092|OvO,TJWyHWVwJ9
Supplier#000015096|JOzH8A3xKIO0LhpmZtn4M
Supplier#000015097|JcAb ZaJltol,fObP31Hq8SgaCQZ
Supplier#000015134|ymBDJOj KC11
Supplier#000015160|FPvUzE4Vjga9nSrFjyuC
Supplier#000015284|CttzOfjaeAdh0OEo
Supplier#000015348|qKdzq18rIlSCkJbZIGEM3kNnUXeHtl0
Supplier#000015365|7az8Gu9O8iU3TK4bP3GTGAUROjBjdm
Supplier#000015461|dGevLO,L6piq0I,o
Supplier#000015466|tCtDGU6zUe0Z NFw6la8E7qGgVZaoSnsbHH7M1
Supplier#000015472|s02FbHd,ParIv4x0egzzECbTZpVkOjhtJTb9
Supplier#000015492|o6UKflyQWEyb9DwndN2eyHgfYLbsENSehD
Supplier#000015527|OCD4s5QC75YSvHk2orBMok1vy5Jcj0n
Supplier#000015571|mACWwoMXn8dw6o9S5Mjo6tT0KxHtEgFEhQT
Supplier#000015593|9VsUBHqAmUT71Xp3QUaw
Supplier#000015685|VBild6uz9iBrN1bvGFy2
Supplier#000015711|ExtIkTUE J5VqTrEE6y
Supplier#000015728|Wjvdk8hCpyRb,mP2VZF0jxSInXM7feut94A2Vo
Supplier#000015777|Y7byhR4knAha3pdyeWcIa
Supplier#000015791|q,vx0D22ot3cX,ha6XmJC4N,9GGk
Supplier#000015793|6XOYD7pCi0hSJBofYKszAOTQiCp
Supplier#000015889|rj Ir1dCorcO7vstbiULHdYkjb2kn Iq3eByFozP
Supplier#000015956|YShH1mPV9jqx6Qh8kI3gxuZ
Supplier#000015994|WP,XwhNxtNi
Supplier#000016040|f544VZpVb1WCSmvHLhEJVb6Sp7uvUjvyoS
Supplier#000016073|JfZODa6fvDSWoQyHHeCN3TR4s8iSB,
Supplier#000016182|uyIUpQyOA21bW2mfq61qebiVmfQZVzzXcamcNHdh
Supplier#000016191|TMyYzjHkTRTuX11X2eNAN  6CpjRJJPBtRgZ0V
Supplier#000016219|n1nUg5ryc7x9OzI,f5dkfcAtSDA
Supplier#000016236|i,0PInCCKRKNecjqQE0M6w7FyubXn
Supplier#000016358|VGXtBGkGG27CYYr3iBZHwCaSF9pa5Yd1
Supplier#000016395|lKLkr DrbEPjR5UxJcUJ1
Supplier#000016419|0ycR,pFNkMQEn4bILCvDd9B28
Supplier#000016431|FP4,g9xub r9gW1OemdKEg79q
Supplier#000016463|uBn,fvFOeaA4oxR7YpTRhzXCmbIdekU9gMwGn
Supplier#000016500|j8K1bB5D,P
Supplier#000016551|0ozr7ELKBkZ5d8b1ImBnrb4kp6gil BrYGh
Supplier#000016749|JI71jLJQgb4j6eOWxQnWa0tF
Supplier#000016754|Ov,WDMqRvymYIbqxb5iW
Supplier#000016824|oNOF2OZK5TSNjWI9xebNQy
Supplier#000016973|uddKqyM8RyVr6VRI9aLjmFRUbycD16NYLyloZ
Supplier#000016987|OEX96qp2nuQQsROooWfwv5YN
Supplier#000017074|tzdS30ml8oV4
Supplier#000017157|o1HtVZRqjaDAnNMWangyDbNPR 
Supplier#000017194|U6IXqJmGEW71rTYWg0,G
Supplier#000017233|gGGTuxKClS3JHSe
Supplier#000017246|pU ohjMn1d0ch9
Supplier#000017262|R 5F PDduDr,nfmNQeAvZqcsFgw
Supplier#000017396|spIK1m8MVncS4X96ZPw,GouR5C9tA eA3aDD
Supplier#000017497|3pmuArHaa5sFjZLXXFtVVxBV5cfgswhk1HrTMKd
Supplier#000017525|RDUkrGMjHd0
Supplier#000017629|DLj3Vbc6VVhi
Supplier#000017649|4Rne7FsNnfQQ11Lxg
Supplier#000017651|fmtHwCUReW,BiOVKvWrO i8AG32
Supplier#000017827|bHqs6l32AgdrPYHTbjiuZpiHnNiulKiBl6LnwSh
Supplier#000017888|5XF96oe5GlvBZD MuG
Supplier#000017894|EnA8OBQydjiNBS9CyqFEY1Rv1ERR
Supplier#000017986|CWeh3TZ3Dy  MI6rPRPu6nYC
Supplier#000018011|QE,y9iFYU4KzDKhLHZ3Puln61XP2qJb
Supplier#000018094|5HNxb6Bh6nLtERLT513vyMHjhDP,ickajRga
Supplier#000018097|foRjQVMjIKWkmAzFnfaAyvca CwGmMr0Z
Supplier#000018152|6WB4EkNA9U9k,x5yf0VwXEIlwk7t8
Supplier#000018160|zib6eEWKZSyWmt,CsGLRPNAxEA72cPlIj04qCwS
Supplier#000018165|ZtmdgKym7ylC
Supplier#000018169|qW bgs3Eeg4c4,PzkU tqE,843L
Supplier#000018199|UvPmLEhyPThn6lHI5
Supplier#000018269|PQ,1hlab zum4KLGYAvoSizFg75FqmFowwNCuD
Supplier#000018322|c0oC3sjngpibJn
Supplier#000018363|jKsSU0q8sgskyzbbmx
Supplier#000018438|dd1msu4Kmq4lYy8ooynkP
Supplier#000018481|msAr4drP5DAZg
Supplier#000018538|RzQC3KVjyioKzsLr GIrIwBcUuWll
Supplier#000018541|QKZibbr0sAeKuOt5XZcVSQg C69I
Supplier#000018698|eqr6qN418ea0
Supplier#000018891|XFbpPMqT71 QTLX0SStabOaTFoy3s4siR ztUwHx
Supplier#000018967|F8LlmQPIjFwq9CvL3bpx
Supplier#000019032|J1uKOAViRRNSkxHd02LzZr2uqOEYh6nmCln
Supplier#000019122|LSPo77Fq 8zyBkjGUTk7Xm
Supplier#000019134|RMQvnP8OzFIzeav
Supplier#000019135|nKnOk6AivZh498bBsW4757envOGxVaTILzfsBr
Supplier#000019257|DzwJCiDDCBBnCuNrw P56rXuLQ JdeaP72SIrh
Supplier#000019320|uYQvFbAwjgS90hO6Iq,QQFQYwl1,of5
Supplier#000019379|hljiGTTPij7r0,PoMc8e1HRhb9btLYUzoY,
Supplier#000019397|n j,MiSLGCNy2IlIxVRBzUA3
Supplier#000019488|Ht9sQaTiUNVGmc jjzpDbN
Supplier#000019541|pNJBZ5YL8I32QKojhGfTG4bHsMKRfk7jTMf2IuS
Supplier#000019578|XoDcZTLH2CDbkUQmtRyuNSibiaaO8k7JJNiy
Supplier#000019634|V11HMH5p2uRsxa6YJpmQ2XR,dl7bPXhlMi
Supplier#000019640|  yhosoJdBbHifu9PaQ1XC0G
Supplier#000019649|lK00BuZb2drcZmUyQ
Supplier#000019670|LCec4zOBjCGUEOdf B0TtbOfByP
Supplier#000019784| ZpXdgUV9N3Ud9bpmZuxE0E7djzzyhhO8
Supplier#000019833|rSJcCAwrC0xi6ENqUAN6vA4Z
Supplier#000019983|Wo55oLogavTxilZJQYP8zeyrdiumUUaUCX3BNegA
Supplier#000019988|3foHdDQlg1FqOmFU
Supplier#000020074| xin3zTE1p5sYt1txkMyJas46TWZ0TLu
Supplier#000020083|wVpdBjMega13LmH
Supplier#000020134|tt5Lbv,SE0XzZJPa7dKst
Supplier#000020249|lLUut,j1huc0BK7V
Supplier#000020435|90ED,sSxC9wFzJGCcGnf0NVgib0vXoAT MOuz5dw
Supplier#000020473|UHYLSzolrr01ucCPLluW7r3Asj,0B6PwHdEE5q b
Supplier#000020535|gXnVzQgcARGSkSwlYB9xxmNlyZOOp
Supplier#000020599|StPKTE7dWlG9gNJBkpKeOuGy0Uwy8
Supplier#000020613|stMFGnVDyIR4OAzD6X7r
Supplier#000020669|rIFxatsVmfAs2eaeat HoSzAp
Supplier#000020692|IiNeVjobU0PwlrCZ1pJW1TjKjPO
Supplier#000020707|So3kN9PN5Lz3oz
Supplier#000020729|9Fcby0xbEF
Supplier#000020757|xhklbM10,aOVbwBuKVpey96hTSKLAhkQB jKTRhN
Supplier#000020844|VBiUxBbB5cnV
Supplier#000020873|2u2832vo0PkFVtgG8Xnwlj8MJ999WC
Supplier#000020877|oXzy3i30dEdY
Supplier#000020907|3AfhjMn6il
Supplier#000020914|lrwkU6qDfTLdsXgJnt
Supplier#000020915|o2Anlblh,yUXbwl
Supplier#000020965|7o6AAMsyIMgCIMI4Nr1qyFRBJ
Supplier#000020997|zXvbCqokNXhdl624EaGc9LzSrn1Rdr OtAgnecRu
Supplier#000020998|YavfijWO2x5WniE
Supplier#000021027|0CPzlDmFcN46r6rK
Supplier#000021048|mylMiDyHeqBAQi9DFvRM3eLQtLKS9f32re
Supplier#000021094|osN3XzqUO60DDFB2 vi6QiIuyssD8
Supplier#000021172|TP0qXMmYejJZxiYb
Supplier#000021197|YQrQgr5Py0ZKSrRSGjdhxo
Supplier#000021218|XOZ0DnwTJp
Supplier#000021313|1OZW49f3DzZ6VEF0oWqz4FouPODdtnVlj
Supplier#000021336|7Y3a8I6zkajAOeq6j6cBIn,9O5gEw
Supplier#000021346|dAY2WMJPU6Jgz6W
Supplier#000021376|SdqzsOtHUmMC3c9q4ZaY32SMbIRTFi83yTX
Supplier#000021418|k3eYH8i7Q0iMBbXRylNbv ISf
Supplier#000021451|hE1bEy0Wse5W6cdwN0JBEYchY5hdzL
Supplier#000021457|VwxqOy58nVSkycf6gga
Supplier#000021468|yMyeqW6VdxPLJmboTgi
Supplier#000021513|RbKN2mkd5q
Supplier#000021629|W14MeE4hpRinpiAb1L22B
Supplier#000021649|FywWZq1IuYoaa1aTQDjRgMrav5qv2IaL
Supplier#000021719|,Lyk6LREQXMLD2J
Supplier#000021734|ZuO7kue6xdqYYEJhj8efjMUA7zYXA
Supplier#000021817|JGcINMxHtWgZkoOS1CGU 5pmGi31m5lL0Joeai8r
Supplier#000021923|,IozWiNjL9oyQrIzBl8E7
Supplier#000021956|lBYYkeUoWrfZm69dxIV nAE7RLBhUiJF
Supplier#000021981|HQe5HYcPWhG8P9O
Supplier#000022007|K93GlPZK8sPXkLYNOGduaaFGrBYfcB
Supplier#000022010|Q,nV rXSOtkgrDxUQnd,P67LgMwcqaCNHbALDtv
Supplier#000022015|PX7,imvM0,55s4 LFTE9MO
Supplier#000022020|C1HuDxTpWi
Supplier#000022026|ZiuTS977sf AwfvsaARxWY
Supplier#000022111|hh,rk0Jd42E,BJwy f2LGT,6tlp
Supplier#000022210|Nx9ZwPh5TwRJ7NC
Supplier#000022278|Em3lj2aGzYeenqzA0k
Supplier#000022332|FfX5z,vLfIWNu95eGc
Supplier#000022353|WnJT3l88qAX80dLa FvBN9Xy5gJ
Supplier#000022499|guRBe7jZFXscceUa,l Y7mX9jhHg6ow
Supplier#000022528|SfL 0pNiVOsFJrhy,8W8K8yRyzKwZui9z
Supplier#000022585|pBix9u,tr58
Supplier#000022782|X03x159Cud6lY
Supplier#000023007|y eNUZfrgQLcZzH5B3zqVq15Hvc0TqrhbWD
Supplier#000023017|VjrXxHB7D3YL
Supplier#000023037|8NQV6NtX16fWHIDoLRLUyunWcX9h
Supplier#000023039|zYNzdz7YrOgr6fNxFtwrgQ6eFMc7 uhj
Supplier#000023061|u5TgR1NxT9iNhKrAaFC
Supplier#000023093|6P sUe6H7,
Supplier#000023150|,1URkAGPVqvQuw
Supplier#000023155|PS2n9B8dO2CQ9ZkcUp9e3oSJ7658g sJJ
Supplier#000023193|2DzaJlYyhmd0mOpg4cnVcVKxvIyoHns1Zw8X
Supplier#000023196|iL9U4Id LXNtaRQmtgRyjY6smkO9C
Supplier#000023284|KDXTkUNEWR94OsG2F1Bn2t1Y2GS
Supplier#000023328|jSaOdBSYETO9gRkgkUbOaoNTTxrAQ8E
Supplier#000023463|5vDhz8vTuGv0O3Wt,18yprY2GYjxhmhv
Supplier#000023465|nQRRA5NOUD
Supplier#000023531|IwLQSpQpm6FZfqA3heqgd9tom
Supplier#000023563|qlqjZ4oEDrRSH9fpuUBX,
Supplier#000023614|z3cz4nyQNP2K
Supplier#000023617|VWAfZsQkOLUHs R6me
Supplier#000023639|yR6D5FvmvCksicqDV7,gWYNSLWMyEcC
Supplier#000023773|xx1HS4g84aOrLi2cHfIbKkpOmQFg,iF rNyniPBE
Supplier#000023812|tH3p8iZapHL0Eg
Supplier#000023828|ykkjYcCrYroReux0qDdaF72J1QBBJvOyrs7L7
Supplier#000023861|Te3T6XuQoETH
Supplier#000023868|rQHczoa0is3oxDWAKKkelPO5F
Supplier#000024014| Ntp2ga5uIK
Supplier#000024057|eug3zRKHqHsy5tnAgjpnghA
Supplier#000024273|sJEy1DStWNhbTwunlj0c
Supplier#000024298|qH7foZarIF
Supplier#000024299|5PSC15dbNd2QlsOa3nDni XXC
Supplier#000024324|1kH6ZKeXufP
Supplier#000024361|td8uTWC2ZK5m1zdfg9RCBx5TWqRRN58G5yJ3u
Supplier#000024421|pvhNvas9fbzmYSRkGEgxQeF
Supplier#000024430|UchzWC3gVFwbzeCHd
Supplier#000024595|UZaNagV5yYIV3Z3Z0ERuviVcvj49vS88
Supplier#000024744|X5Xz1bcSU4awpc
Supplier#000024844|VPOaPNf8L2xi 5I1JSXgN h
Supplier#000024886|HL5k 1VOPnca7GIJK3
Supplier#000025060|rv1CuYBxTp,eW1brioFBbUag35WEsbfNn5iYy
Supplier#000025123|jQnxoB,GUzen6g2zrSRhGAxmvW
Supplier#000025241|5b4g0Y7QSVF
Supplier#000025346|guVX5F4sv, La5p
Supplier#000025422|TjKzK6N9tieD0PAPZ0hYN0I
Supplier#000025477|PmhiOCnYb3061xUIs
Supplier#000025490|WYE4MlN3EYZzlxEnYlA
Supplier#000025548|EvxRGmrUlWS WrOsaa
Supplier#000025588|JtoV8JBwJrkHkPiwr,AFi1cPuUpz0rRWyhJzY
Supplier#000025603|XCZ0b dBYIE0MYaTu
Supplier#000025642|I5U7bEX4x50We
Supplier#000025778|nHZ8dowK7M
Supplier#000025819|YUDZb9k7DJRzUoDu9OOyqEVXg
Supplier#000025824|P,7 5PT4LhwYvjDUIeJo
Supplier#000025832|LohhJAYSHUlK9sSXuE12rvUPZLADAQB
Supplier#000025835|FB u2oxxuFuU2QQrw1cYp9Cvwj0gxd1mXMm
Supplier#000026050|C1CkFjXmkatONkDOg
Supplier#000026056|b1xRS0vVodTdvB9eVLfq5
Supplier#000026086|QRCrvciH,euAo6T
Supplier#000026189|N2JjzCtrwfi9W
Supplier#000026255|9jlQWEkjHNpXe6gFzhZk
Supplier#000026265|t5nj3R2ljh7jsWFK r4w9MaAGj5HJIOnwV,Ce7
Supplier#000026361|98bqrrD5wRGOSB IAv9sT2
Supplier#000026377|7qlSGFSTmgSkuLFE8QGvp1IeKyB5hZSz7mUTNp
Supplier#000026457|3QgIvixnuC
Supplier#000026550|fzIZUwDYG3uHi6eCgonm3pJzlMbNGoVsH7i
Supplier#000026587|uEDMyl9xEo4pn
Supplier#000026605|,BANimatNybo48L9gCQm3nZmpg2jiwHRN4AAAR6
Supplier#000026719|nFdcMlsHnZub3o0tIPFGFI9TV6BPZKwdYAq
Supplier#000026744|KYmK2Z3HSyJf3ke6jjwO2OVGC2tHtZ5QW4DG,HWC
Supplier#000026835|Cee1Rjfu,V0U0uN
Supplier#000026992|30mjDezARK7d1,CIPmlm
Supplier#000027008|TMC4 yHnFUr4IPAtlx
Supplier#000027012|5ACTvb2UxdSGA8,sOuwDTdlUEvXGNeE8lNwF3d
Supplier#000027042|Id,3auNzdtCpnMj2R4T88m70ZNa39giJ2
Supplier#000027140|sWnjZiKSLh71wYTQ63zuG3Q46oql9u
Supplier#000027284|fN1yPkBH2k1P,dgidMLb
Supplier#000027425|0D6tVDcNRLkYgT2
Supplier#000027457|3sqBv4iTDwOkckfdUCL,81tXUt
Supplier#000027471|VTMuPJKm,ZFjbJKdpmr7SLNlvxTW5k28
Supplier#000027472|Tj60XDbbUYLInCML
Supplier#000027505|u,GR63FBq3yYEt,DFtR42Q
Supplier#000027585|7Mo59jM4GAAZH
Supplier#000027807|yoRnUQSxaB0795nLU9r7cTq5HaGml3Eit
Supplier#000027885|Yvmx9qsvrlxoruBta0E0p0
Supplier#000027926|lrkuA5Jh6YOppnWhj3gYKfT
Supplier#000027935|TeaCp425LVGtwUCMlfXJ gqwdmRMfVC,QG5
Supplier#000027944|LzJ5si5G5 qYPPdVfD,
Supplier#000027961|YTR2epMysg
Supplier#000027967|NZ gyaXvvKW0HXTwSAa9I0euXUuoMzxdlkYCfg
Supplier#000028034|opih3KI1RLgKeXW87o26ZeQ9qRFFVbLslrreRKt
Supplier#000028038|l0dP8imd352okBdQdML9JBycB6
Supplier#000028052|hM 1Yhx5vDP3wyWz39hx,p,wsjzYFrL4Y9K
Supplier#000028065|4aSCDvLN5X
Supplier#000028162|bPq4mHuUtyWPBxp2zir8VHEzRGsds
Supplier#000028172| OXu0DL6N,Xnbd,
Supplier#000028178|sRyT2HQ38fge4Dd7xRHk9pIweFxxLKZSaP
Supplier#000028190|TfX53TVDgdKsUEc0eA
Supplier#000028224|U7d bbuhNgzR6a2avqdHc
Supplier#000028237|sZNp0iABpRi68zYEoCzjPrR
Supplier#000028276|oinCPi5qkdHetdF7o
Supplier#000028401|j0Eu9KdbydP60K94fU4m8avi
Supplier#000028547|gJg8,ZExvirWi,kenM3V3e6oPHqg9 nsdRV
Supplier#000028569|TFXMV8atOiSqaJ6I
Supplier#000028729|xA O4o0Pc3BuaIpjW qzEXcnonu59QLjCX tC
Supplier#000028797|Y6FpCJa713DQb
Supplier#000028838|sQp4wg7ts e2q
Supplier#000028856|Bbv8ezZpPmR4ShsDSnmmXjfmdm6UebafKPOPJ
Supplier#000028969|dJZthuTl2o0U
Supplier#000029088|uxutyod VFoJOVUSglA2eqVNpS0T89FSAI
Supplier#000029106|HYok7yUICWs3t6WJwKSrC2Rtb0 Aqa
Supplier#000029196|Lqdg2APEOJZUGGZ664n2UfoPRVJPbQSC
Supplier#000029263|Df4cxSewJCJrtiAfmpKijwsEsLhyX7gxxdF4
Supplier#000029281|5Qvo8Y1FeplCz,nJEGxOtloe
Supplier#000029320|xc4ihheMbv3foGbcJjEHkB3VjrLZ6
Supplier#000029353|3BjnsJkGqHSjdChnMoofZC6h
Supplier#000029435|PDmozGMPwgNMu3sKSx7mrZK
Supplier#000029456|1tU5u3HMNuI3A
Supplier#000029469|Geu8P ysVsFgQ
Supplier#000029526|gihtU2ndBQAQoZ4tes
Supplier#000029539|aUdxhKhr7FLwdc4zyhLylp6eOA, MWU4PEoJ0
Supplier#000029547|OOslsC9z05LCJej7f5Q0nNZMOYsqvapE
Supplier#000029549|AlZaEJTjT0zRhJ3ny7iJG
Supplier#000029576|HSjlbuk1l9PuydKg79qcVgdfAs
Supplier#000029640|4mjz11M2ItgSkMvE8TtihBx0 X07S5jl5jb
Supplier#000029660|xBG,WBodjgj1Pv aH,lu
Supplier#000029729|TZBiXxs9WVIjvI2HgITSTZRQcTSQUjnQwNV2t
Supplier#000029794|xGwcpwn2q UrDzM7TOf4HWh0kg2eAlKwK8x1kV
Supplier#000029813|4AOcdWh6YtPj9
Supplier#000029906|LwpmoVbB5y,J,JGxQ8z23KrApJFsmQUXj2qzbo
