0|1
Supplier#000004009|22
Supplier#000002370|21
Supplier#000022230|21
Supplier#000005697|20
Supplier#000008394|20
Supplier#000008913|20
Supplier#000015485|20
Supplier#000016025|20
Supplier#000021782|20
Supplier#000025177|20
Supplier#000026846|20
Supplier#000016657|19
Supplier#000019631|19
Supplier#000020191|19
Supplier#000007127|18
Supplier#000008713|18
Supplier#000010857|18
Supplier#000011717|18
Supplier#000012706|18
Supplier#000018760|18
Supplier#000021765|18
Supplier#000021905|18
Supplier#000024746|18
Supplier#000003168|17
Supplier#000005390|17
Supplier#000005613|17
Supplier#000006617|17
Supplier#000008105|17
Supplier#000011655|17
Supplier#000012874|17
Supplier#000013199|17
Supplier#000013454|17
Supplier#000017603|17
Supplier#000017682|17
Supplier#000019662|17
Supplier#000022832|17
Supplier#000024091|17
Supplier#000025442|17
Supplier#000028260|17
Supplier#000028470|17
Supplier#000029309|17
Supplier#000002312|16
Supplier#000002323|16
Supplier#000003374|16
Supplier#000004477|16
Supplier#000004501|16
Supplier#000007370|16
Supplier#000008376|16
Supplier#000009630|16
Supplier#000010262|16
Supplier#000011271|16
Supplier#000013378|16
Supplier#000014759|16
Supplier#000015052|16
Supplier#000015882|16
Supplier#000016020|16
Supplier#000016074|16
Supplier#000016268|16
Supplier#000018483|16
Supplier#000018741|16
Supplier#000019399|16
Supplier#000021271|16
Supplier#000024230|16
Supplier#000024900|16
Supplier#000026699|16
Supplier#000027055|16
Supplier#000028377|16
Supplier#000028513|16
Supplier#000028697|16
Supplier#000000610|15
Supplier#000000670|15
Supplier#000000846|15
Supplier#000001007|15
Supplier#000002615|15
Supplier#000003048|15
Supplier#000004112|15
Supplier#000004169|15
Supplier#000006259|15
Supplier#000006381|15
Supplier#000007656|15
Supplier#000007810|15
Supplier#000007847|15
Supplier#000008390|15
Supplier#000008900|15
Supplier#000010675|15
Supplier#000010755|15
Supplier#000013600|15
Supplier#000014364|15
Supplier#000014700|15
Supplier#000015247|15
Supplier#000015556|15
Supplier#000016474|15
Supplier#000017602|15
Supplier#000017920|15
Supplier#000018281|15
Supplier#000018630|15
Supplier#000019150|15
Supplier#000019340|15
Supplier#000020098|15
Supplier#000021366|15
